#-----------------------------------------------------------
# Webtalk v2018.3 (64-bit)
# SW Build 2405991 on Thu Dec  6 23:38:27 MST 2018
# 
# Start of session at: Thu Jan  4 17:24:16 2024
# Process ID: 17176
# Current directory: C:/Users/pggpa/Documents/ProyectoEmbebidos/Basys3_Breakout_Game/breakout_vivado/breakout_vivado.sdk/webtalk
# Command line: wbtcv.exe -mode batch -source sdk_webtalk.tcl
# Log file: C:/Users/pggpa/Documents/ProyectoEmbebidos/Basys3_Breakout_Game/breakout_vivado/breakout_vivado.sdk/webtalk/webtalk.log
# Journal file: C:/Users/pggpa/Documents/ProyectoEmbebidos/Basys3_Breakout_Game/breakout_vivado/breakout_vivado.sdk/webtalk\webtalk.jou
#-----------------------------------------------------------
source sdk_webtalk.tcl
# webtalk_init -webtalk_dir C:\\Users\\pggpa\\Documents\\ProyectoEmbebidos\\Basys3_Breakout_Game\\breakout_vivado\\breakout_vivado.sdk\\webtalk
# webtalk_register_client -client project
# webtalk_add_data -client project -key date_generated -value "2024-01-04 17:24:14" -context "software_version_and_target_device"
# webtalk_add_data -client project -key product_version -value "SDK v2018.3" -context "software_version_and_target_device"
# webtalk_add_data -client project -key build_version -value "2018.3" -context "software_version_and_target_device"
# webtalk_add_data -client project -key os_platform -value "amd64" -context "software_version_and_target_device"
# webtalk_add_data -client project -key registration_id -value "" -context "software_version_and_target_device"
# webtalk_add_data -client project -key tool_flow -value "SDK" -context "software_version_and_target_device"
# webtalk_add_data -client project -key beta -value "false" -context "software_version_and_target_device"
# webtalk_add_data -client project -key route_design -value "NA" -context "software_version_and_target_device"
# webtalk_add_data -client project -key target_family -value "NA" -context "software_version_and_target_device"
# webtalk_add_data -client project -key target_device -value "NA" -context "software_version_and_target_device"
# webtalk_add_data -client project -key target_package -value "NA" -context "software_version_and_target_device"
# webtalk_add_data -client project -key target_speed -value "NA" -context "software_version_and_target_device"
# webtalk_add_data -client project -key random_id -value "if6a1jb2r4cbln6jt77anq6r3d" -context "software_version_and_target_device"
# webtalk_add_data -client project -key project_id -value "2018.3_17" -context "software_version_and_target_device"
# webtalk_add_data -client project -key project_iteration -value "17" -context "software_version_and_target_device"
# webtalk_add_data -client project -key os_name -value "Microsoft Windows 8 or later , 64-bit" -context "user_environment"
# webtalk_add_data -client project -key os_release -value "major release  (build 9200)" -context "user_environment"
# webtalk_add_data -client project -key cpu_name -value "AMD Ryzen 5 3500U with Radeon Vega Mobile Gfx  " -context "user_environment"
# webtalk_add_data -client project -key cpu_speed -value "2096 MHz" -context "user_environment"
# webtalk_add_data -client project -key total_processors -value "1" -context "user_environment"
# webtalk_add_data -client project -key system_ram -value "6.312 GB" -context "user_environment"
# webtalk_register_client -client sdk
# webtalk_add_data -client sdk -key uid -value "1704384953416" -context "sdk\\\\bsp/1704384953416"
# webtalk_add_data -client sdk -key hwid -value "1703678620000" -context "sdk\\\\bsp/1704384953416"
# webtalk_add_data -client sdk -key os -value "standalone" -context "sdk\\\\bsp/1704384953416"
# webtalk_add_data -client sdk -key apptemplate -value "empty_application" -context "sdk\\\\bsp/1704384953416"
# webtalk_add_data -client sdk -key RecordType -value "BSPCreation" -context "sdk\\\\bsp/1704384953416"
# webtalk_add_data -client sdk -key uid -value "1704384958904" -context "sdk\\\\application/1704384958904"
# webtalk_add_data -client sdk -key hwid -value "1703678620000" -context "sdk\\\\application/1704384958904"
# webtalk_add_data -client sdk -key bspid -value "1704384953416" -context "sdk\\\\application/1704384958904"
# webtalk_add_data -client sdk -key newbsp -value "true" -context "sdk\\\\application/1704384958904"
# webtalk_add_data -client sdk -key os -value "standalone" -context "sdk\\\\application/1704384958904"
# webtalk_add_data -client sdk -key apptemplate -value "empty_application" -context "sdk\\\\application/1704384958904"
# webtalk_add_data -client sdk -key RecordType -value "APPCreation" -context "sdk\\\\application/1704384958904"
# webtalk_add_data -client sdk -key LangUsed -value "C" -context "sdk\\\\application/1704384958904"
# webtalk_add_data -client sdk -key Procused -value "microblaze" -context "sdk\\\\application/1704384958904"
# webtalk_add_data -client sdk -key projSize -value "161.34765625" -context "sdk\\\\application/1704384958904"
# webtalk_add_data -client sdk -key uid -value "NA" -context "sdk\\\\bsp/1704385454299"
# webtalk_add_data -client sdk -key RecordType -value "ToolUsage" -context "sdk\\\\bsp/1704385454299"
# webtalk_add_data -client sdk -key BootgenCount -value "0" -context "sdk\\\\bsp/1704385454299"
# webtalk_add_data -client sdk -key DebugCount -value "1" -context "sdk\\\\bsp/1704385454299"
# webtalk_add_data -client sdk -key PerfCount -value "0" -context "sdk\\\\bsp/1704385454299"
# webtalk_add_data -client sdk -key FlashCount -value "0" -context "sdk\\\\bsp/1704385454299"
# webtalk_add_data -client sdk -key CrossTriggCount -value "0" -context "sdk\\\\bsp/1704385454299"
# webtalk_add_data -client sdk -key QemuDebugCount -value "0" -context "sdk\\\\bsp/1704385454299"
# webtalk_transmit -clientid 1168062222 -regid "" -xml C:\\Users\\pggpa\\Documents\\ProyectoEmbebidos\\Basys3_Breakout_Game\\breakout_vivado\\breakout_vivado.sdk\\webtalk\\usage_statistics_ext_sdk.xml -html C:\\Users\\pggpa\\Documents\\ProyectoEmbebidos\\Basys3_Breakout_Game\\breakout_vivado\\breakout_vivado.sdk\\webtalk\\usage_statistics_ext_sdk.html -wdm C:\\Users\\pggpa\\Documents\\ProyectoEmbebidos\\Basys3_Breakout_Game\\breakout_vivado\\breakout_vivado.sdk\\webtalk\\sdk_webtalk.wdm -intro "<H3>SDK Usage Report</H3><BR>"
# webtalk_terminate
INFO: [Common 17-206] Exiting Webtalk at Thu Jan  4 17:24:19 2024...
