Copyright 1986-2018 Xilinx, Inc. All Rights Reserved.
---------------------------------------------------------------------------------------------
| Tool Version : Vivado v.2018.3 (win64) Build 2405991 Thu Dec  6 23:38:27 MST 2018
| Date         : Wed Nov 29 16:09:30 2023
| Host         : DESKTOP-LIO running 64-bit major release  (build 9200)
| Command      : report_control_sets -verbose -file design_1_wrapper_control_sets_placed.rpt
| Design       : design_1_wrapper
| Device       : xc7a35t
---------------------------------------------------------------------------------------------

Control Set Information

Table of Contents
-----------------
1. Summary
2. Histogram
3. Flip-Flop Distribution
4. Detailed Control Set Information

1. Summary
----------

+----------------------------------------------------------+-------+
|                          Status                          | Count |
+----------------------------------------------------------+-------+
| Number of unique control sets                            |   124 |
| Unused register locations in slices containing registers |   349 |
+----------------------------------------------------------+-------+


2. Histogram
------------

+--------+--------------+
| Fanout | Control Sets |
+--------+--------------+
|      1 |           13 |
|      2 |            4 |
|      3 |            2 |
|      4 |           21 |
|      5 |            3 |
|      6 |            5 |
|      7 |            1 |
|      8 |           25 |
|      9 |            1 |
|     10 |            4 |
|     11 |            2 |
|     12 |            1 |
|     15 |            2 |
|    16+ |           40 |
+--------+--------------+


3. Flip-Flop Distribution
-------------------------

+--------------+-----------------------+------------------------+-----------------+--------------+
| Clock Enable | Synchronous Set/Reset | Asynchronous Set/Reset | Total Registers | Total Slices |
+--------------+-----------------------+------------------------+-----------------+--------------+
| No           | No                    | No                     |             318 |          128 |
| No           | No                    | Yes                    |              30 |            9 |
| No           | Yes                   | No                     |             442 |          160 |
| Yes          | No                    | No                     |             283 |           69 |
| Yes          | No                    | Yes                    |              15 |            8 |
| Yes          | Yes                   | No                     |            1091 |          357 |
+--------------+-----------------------+------------------------+-----------------+--------------+


4. Detailed Control Set Information
-----------------------------------

+----------------------------------------------------------------+------------------------------------------------------------------------------------------------------------------------------------------------------------------------------------------------------------+------------------------------------------------------------------------------------------------------------------------------------------------+------------------+----------------+
|                          Clock Signal                          |                                                                                                Enable Signal                                                                                               |                                                                Set/Reset Signal                                                                | Slice Load Count | Bel Load Count |
+----------------------------------------------------------------+------------------------------------------------------------------------------------------------------------------------------------------------------------------------------------------------------------+------------------------------------------------------------------------------------------------------------------------------------------------+------------------+----------------+
|  design_1_i/mdm_1/U0/Use_E2.BSCAN_I/Ext_JTAG_UPDATE            | design_1_i/microblaze_0/U0/MicroBlaze_Core_I/Performance.Core/Use_Debug_Logic.Master_Core.Debug_Perf/Control_Reg_En                                                                                        | design_1_i/microblaze_0/U0/MicroBlaze_Core_I/Performance.Core/Use_Debug_Logic.Master_Core.Debug_Perf/Serial_Dbg_Intf.normal_stop_cmd_i_reg_n_0 |                1 |              1 |
|  design_1_i/mdm_1/U0/Use_E2.BSCAN_I/Ext_JTAG_UPDATE            |                                                                                                                                                                                                            | design_1_i/mdm_1/U0/MDM_Core_I1/JTAG_CONTROL_I/Use_BSCAN.FDC_I/data_cmd_reset6_out                                                             |                1 |              1 |
|  design_1_i/mdm_1/U0/No_Dbg_Reg_Access.BUFG_DRCK/Ext_JTAG_DRCK | design_1_i/mdm_1/U0/Use_E2.BSCAN_I/Use_BSCAN.PORT_Selector_reg[0]                                                                                                                                          | design_1_i/mdm_1/U0/MDM_Core_I1/JTAG_CONTROL_I/sel_with_scan_reset24_out                                                                       |                1 |              1 |
|  Clk_IBUF_BUFG                                                 |                                                                                                                                                                                                            | design_1_i/microblaze_0/U0/MicroBlaze_Core_I/Performance.Core/Use_Debug_Logic.Master_Core.Debug_Perf/capture_1                                 |                1 |              1 |
|  Clk_IBUF_BUFG                                                 |                                                                                                                                                                                                            | design_1_i/axi_timer_0/U0/TC_CORE_I/TIMER_CONTROL_I/R_0                                                                                        |                1 |              1 |
|  design_1_i/mdm_1/U0/Use_E2.BSCAN_I/Ext_JTAG_UPDATE            | design_1_i/microblaze_0/U0/MicroBlaze_Core_I/Performance.Core/Use_Debug_Logic.Master_Core.Debug_Perf/Control_Reg_En                                                                                        | design_1_i/microblaze_0/U0/MicroBlaze_Core_I/Performance.Core/Use_Debug_Logic.Master_Core.Debug_Perf/Serial_Dbg_Intf.continue_from_brk_reg_n_0 |                1 |              1 |
|  design_1_i/mdm_1/U0/Use_E2.BSCAN_I/Ext_JTAG_UPDATE            | design_1_i/microblaze_0/U0/MicroBlaze_Core_I/Performance.Core/Use_Debug_Logic.Master_Core.Debug_Perf/Control_Reg_En                                                                                        | design_1_i/microblaze_0/U0/MicroBlaze_Core_I/Performance.Core/Use_Debug_Logic.Master_Core.Debug_Perf/Serial_Dbg_Intf.force_stop_cmd_i_reg_0    |                1 |              1 |
|  design_1_i/mdm_1/U0/Use_E2.BSCAN_I/Ext_JTAG_UPDATE            | design_1_i/microblaze_0/U0/MicroBlaze_Core_I/Performance.Core/Use_Debug_Logic.Master_Core.Debug_Perf/Control_Reg_En                                                                                        | design_1_i/microblaze_0/U0/MicroBlaze_Core_I/Performance.Core/Use_Debug_Logic.Master_Core.Debug_Perf/start_single_step_reg_n_0                 |                1 |              1 |
|  Clk_IBUF_BUFG                                                 |                                                                                                                                                                                                            | design_1_i/axi_timer_0/U0/TC_CORE_I/TIMER_CONTROL_I/READ_DONE1_I_i_1_n_0                                                                       |                1 |              1 |
| ~design_1_i/mdm_1/U0/Use_E2.BSCAN_I/Ext_JTAG_UPDATE            |                                                                                                                                                                                                            | design_1_i/mdm_1/U0/MDM_Core_I1/JTAG_CONTROL_I/sel_n                                                                                           |                1 |              1 |
| ~design_1_i/mdm_1/U0/No_Dbg_Reg_Access.BUFG_DRCK/Ext_JTAG_DRCK | design_1_i/mdm_1/U0/MDM_Core_I1/JTAG_CONTROL_I/Use_BSCAN.FDC_I/CE                                                                                                                                          | design_1_i/mdm_1/U0/MDM_Core_I1/JTAG_CONTROL_I/Use_BSCAN.FDC_I/D_2                                                                             |                1 |              1 |
|  Clk_IBUF_BUFG                                                 |                                                                                                                                                                                                            | design_1_i/axi_timer_0/U0/AXI4_LITE_I/I_SLAVE_ATTACHMENT/I_DECODER/GEN_BKEND_CE_REGISTERS[4].ce_out_i_reg[4]_0                                 |                1 |              1 |
|  Clk_IBUF_BUFG                                                 |                                                                                                                                                                                                            | design_1_i/axi_timer_0/U0/AXI4_LITE_I/I_SLAVE_ATTACHMENT/I_DECODER/GEN_BKEND_CE_REGISTERS[0].ce_out_i_reg[0]_0                                 |                1 |              1 |
|  design_1_i/mdm_1/U0/Use_E2.BSCAN_I/Ext_JTAG_UPDATE            | design_1_i/mdm_1/U0/MDM_Core_I1/JTAG_CONTROL_I/Use_BSCAN.FDC_I/Debug_Rst_i0                                                                                                                                |                                                                                                                                                |                1 |              2 |
|  design_1_i/mdm_1/U0/Use_E2.BSCAN_I/Ext_JTAG_UPDATE            | design_1_i/microblaze_0/U0/MicroBlaze_Core_I/Performance.Core/Use_Debug_Logic.Master_Core.Debug_Perf/Command_Reg_En                                                                                        | design_1_i/microblaze_0/U0/MicroBlaze_Core_I/Performance.Core/Use_Debug_Logic.Master_Core.Debug_Perf/command_reg_clear                         |                1 |              2 |
|  design_1_i/mdm_1/U0/Use_E2.BSCAN_I/Ext_JTAG_UPDATE            |                                                                                                                                                                                                            |                                                                                                                                                |                1 |              2 |
|  Clk_IBUF_BUFG                                                 | design_1_i/microblaze_0/U0/MicroBlaze_Core_I/Performance.Core/Decode_I/Use_MuxCy[11].OF_Piperun_Stage/MUXCY_I/of_pause_reg                                                                                 |                                                                                                                                                |                1 |              2 |
|  Clk_IBUF_BUFG                                                 |                                                                                                                                                                                                            | design_1_i/mdm_1/U0/MDM_Core_I1/S_AXI_ARESETN_0                                                                                                |                1 |              3 |
|  Clk_IBUF_BUFG                                                 | design_1_i/axi_intc_0/U0/AXI_LITE_IPIF_I/I_SLAVE_ATTACHMENT/s_axi_rresp_i                                                                                                                                  | design_1_i/axi_intc_0/U0/AXI_LITE_IPIF_I/I_SLAVE_ATTACHMENT/rst                                                                                |                1 |              3 |
|  Clk_IBUF_BUFG                                                 | design_1_i/axi_gpio_0/U0/AXI_LITE_IPIF_I/I_SLAVE_ATTACHMENT/bus2ip_addr_i[8]_i_1_n_0                                                                                                                       | design_1_i/axi_gpio_0/U0/AXI_LITE_IPIF_I/I_SLAVE_ATTACHMENT/SR[0]                                                                              |                1 |              4 |
|  design_1_i/mdm_1/U0/Use_E2.BSCAN_I/Ext_JTAG_UPDATE            | design_1_i/mdm_1/U0/MDM_Core_I1/MDM_SEL                                                                                                                                                                    | design_1_i/mdm_1/U0/Use_E2.BSCAN_I/AR[0]                                                                                                       |                1 |              4 |
|  Clk_IBUF_BUFG                                                 | design_1_i/axi_timer_0/U0/AXI4_LITE_I/I_SLAVE_ATTACHMENT/I_DECODER/pair0_Select                                                                                                                            | design_1_i/axi_timer_0/U0/TC_CORE_I/GEN_SECOND_TIMER.COUNTER_1_I/COUNTER_I/s_axi_aresetn_0                                                     |                2 |              4 |
| ~design_1_i/mdm_1/U0/Use_E2.BSCAN_I/Ext_JTAG_UPDATE            |                                                                                                                                                                                                            | design_1_i/mdm_1/U0/Use_E2.BSCAN_I/AR[0]                                                                                                       |                1 |              4 |
|  Clk_IBUF_BUFG                                                 | design_1_i/axi_timer_0/U0/AXI4_LITE_I/I_SLAVE_ATTACHMENT/bus2ip_addr_i[4]_i_1_n_0                                                                                                                          | design_1_i/axi_timer_0/U0/AXI4_LITE_I/I_SLAVE_ATTACHMENT/rst                                                                                   |                1 |              4 |
|  Clk_IBUF_BUFG                                                 |                                                                                                                                                                                                            | design_1_i/microblaze_0/U0/MicroBlaze_Core_I/Performance.Core/Decode_I/flush_pipe                                                              |                3 |              4 |
|  Clk_IBUF_BUFG                                                 | design_1_i/axi_gpio_0/U0/AXI_LITE_IPIF_I/I_SLAVE_ATTACHMENT/start2                                                                                                                                         | design_1_i/axi_gpio_0/U0/AXI_LITE_IPIF_I/I_SLAVE_ATTACHMENT/I_DECODER/cs_ce_clr                                                                |                1 |              4 |
|  Clk_IBUF_BUFG                                                 | design_1_i/task_07_0/U0/task_07_v1_0_S00_AXI_inst/slv_reg0[3]_i_1_n_0                                                                                                                                      | design_1_i/task_07_0/U0/task_07_v1_0_S00_AXI_inst/A[1]_i_1_n_0                                                                                 |                3 |              4 |
|  Clk_IBUF_BUFG                                                 |                                                                                                                                                                                                            | design_1_i/axi_gpio_0/U0/AXI_LITE_IPIF_I/I_SLAVE_ATTACHMENT/clear                                                                              |                1 |              4 |
|  Clk_IBUF_BUFG                                                 | design_1_i/mdm_1/U0/MDM_Core_I1/JTAG_CONTROL_I/Use_UART.TX_FIFO_I/data_Exists_I_reg_0                                                                                                                      | design_1_i/mdm_1/U0/MDM_Core_I1/Use_Uart.reset_TX_FIFO_reg_n_0                                                                                 |                1 |              4 |
|  Clk_IBUF_BUFG                                                 | design_1_i/mdm_1/U0/MDM_Core_I1/JTAG_CONTROL_I/Use_UART.RX_FIFO_I/data_Exists_I_reg_0                                                                                                                      | design_1_i/mdm_1/U0/MDM_Core_I1/Use_Uart.reset_RX_FIFO_reg_n_0                                                                                 |                1 |              4 |
|  design_1_i/mdm_1/U0/No_Dbg_Reg_Access.BUFG_DRCK/Ext_JTAG_DRCK | design_1_i/mdm_1/U0/MDM_Core_I1/p_5_out                                                                                                                                                                    | design_1_i/mdm_1/U0/Use_E2.BSCAN_I/AR[0]                                                                                                       |                1 |              4 |
|  Clk_IBUF_BUFG                                                 | design_1_i/task_07_0/U0/task_07_v1_0_S00_AXI_inst/slv_reg0[11]_i_1_n_0                                                                                                                                     | design_1_i/task_07_0/U0/task_07_v1_0_S00_AXI_inst/A[1]_i_1_n_0                                                                                 |                1 |              4 |
|  Clk_IBUF_BUFG                                                 | design_1_i/axi_gpio_0/U0/AXI_LITE_IPIF_I/I_SLAVE_ATTACHMENT/I_DECODER/bus2ip_rnw_i_reg[0]                                                                                                                  | design_1_i/axi_gpio_0/U0/AXI_LITE_IPIF_I/I_SLAVE_ATTACHMENT/SR[0]                                                                              |                2 |              4 |
|  Clk_IBUF_BUFG                                                 | design_1_i/task_07_0/U0/task_07_v1_0_S00_AXI_inst/slv_reg0[7]_i_1_n_0                                                                                                                                      | design_1_i/task_07_0/U0/task_07_v1_0_S00_AXI_inst/A[1]_i_1_n_0                                                                                 |                2 |              4 |
|  Clk_IBUF_BUFG                                                 | design_1_i/task_07_0/U0/task_07_v1_0_S00_AXI_inst/slv_reg0[15]_i_1_n_0                                                                                                                                     | design_1_i/task_07_0/U0/task_07_v1_0_S00_AXI_inst/A[1]_i_1_n_0                                                                                 |                1 |              4 |
|  Clk_IBUF_BUFG                                                 | design_1_i/axi_gpio_1/U0/AXI_LITE_IPIF_I/I_SLAVE_ATTACHMENT/start2                                                                                                                                         | design_1_i/axi_gpio_1/U0/AXI_LITE_IPIF_I/I_SLAVE_ATTACHMENT/I_DECODER/cs_ce_clr                                                                |                1 |              4 |
|  Clk_IBUF_BUFG                                                 | design_1_i/axi_gpio_1/U0/AXI_LITE_IPIF_I/I_SLAVE_ATTACHMENT/bus2ip_addr_i[8]_i_1_n_0                                                                                                                       | design_1_i/axi_gpio_1/U0/AXI_LITE_IPIF_I/I_SLAVE_ATTACHMENT/SR[0]                                                                              |                1 |              4 |
|  Clk_IBUF_BUFG                                                 | design_1_i/mdm_1/U0/Use_AXI_IPIF.AXI_LITE_IPIF_I/I_SLAVE_ATTACHMENT/start2                                                                                                                                 | design_1_i/mdm_1/U0/Use_AXI_IPIF.AXI_LITE_IPIF_I/I_SLAVE_ATTACHMENT/I_DECODER/cs_ce_clr                                                        |                1 |              4 |
|  Clk_IBUF_BUFG                                                 |                                                                                                                                                                                                            | design_1_i/axi_gpio_1/U0/AXI_LITE_IPIF_I/I_SLAVE_ATTACHMENT/clear                                                                              |                1 |              4 |
|  Clk_IBUF_BUFG                                                 |                                                                                                                                                                                                            | design_1_i/axi_intc_0/U0/AXI_LITE_IPIF_I/I_SLAVE_ATTACHMENT/clear                                                                              |                1 |              4 |
|  Clk_IBUF_BUFG                                                 | design_1_i/microblaze_0/U0/MicroBlaze_Core_I/Performance.Core/Decode_I/wb_Halted                                                                                                                           | design_1_i/microblaze_0/U0/MicroBlaze_Core_I/sync_reset                                                                                        |                2 |              5 |
|  design_1_i/mdm_1/U0/Use_E2.BSCAN_I/Ext_JTAG_UPDATE            | design_1_i/microblaze_0/U0/MicroBlaze_Core_I/Performance.Core/Use_Debug_Logic.Master_Core.Debug_Perf/Control_Reg_En                                                                                        |                                                                                                                                                |                2 |              5 |
|  Clk_IBUF_BUFG                                                 |                                                                                                                                                                                                            | design_1_i/rst_Clk_100M/U0/EXT_LPF/lpf_int                                                                                                     |                2 |              5 |
|  Clk_IBUF_BUFG                                                 | design_1_i/rst_Clk_100M/U0/SEQ/seq_cnt_en                                                                                                                                                                  | design_1_i/rst_Clk_100M/U0/SEQ/SEQ_COUNTER/clear                                                                                               |                1 |              6 |
|  design_1_i/mdm_1/U0/No_Dbg_Reg_Access.BUFG_DRCK/Ext_JTAG_DRCK | design_1_i/mdm_1/U0/Use_E2.BSCAN_I/Use_BSCAN.command_reg[5][0]                                                                                                                                             |                                                                                                                                                |                2 |              6 |
|  design_1_i/mdm_1/U0/No_Dbg_Reg_Access.BUFG_DRCK/Ext_JTAG_DRCK | design_1_i/mdm_1/U0/Use_E2.BSCAN_I/Using_FPGA.Native[0]                                                                                                                                                    |                                                                                                                                                |                2 |              6 |
|  Clk_IBUF_BUFG                                                 |                                                                                                                                                                                                            | design_1_i/axi_timer_0/U0/AXI4_LITE_I/I_SLAVE_ATTACHMENT/INCLUDE_DPHASE_TIMER.dpto_cnt[5]_i_1_n_0                                              |                2 |              6 |
|  design_1_i/mdm_1/U0/No_Dbg_Reg_Access.BUFG_DRCK/Ext_JTAG_DRCK | design_1_i/mdm_1/U0/MDM_Core_I1/JTAG_CONTROL_I/Use_BSCAN.FDC_I/Use_BSCAN.command_reg[6]_0[0]                                                                                                               |                                                                                                                                                |                1 |              6 |
|  Clk_IBUF_BUFG                                                 | design_1_i/axi_timer_0/U0/AXI4_LITE_I/I_SLAVE_ATTACHMENT/start2                                                                                                                                            | design_1_i/axi_timer_0/U0/AXI4_LITE_I/I_SLAVE_ATTACHMENT/I_DECODER/cs_ce_clr                                                                   |                2 |              7 |
| ~design_1_i/mdm_1/U0/Use_E2.BSCAN_I/Ext_JTAG_UPDATE            | design_1_i/mdm_1/U0/MDM_Core_I1/JTAG_CONTROL_I/Use_BSCAN.command[0]_i_1_n_0                                                                                                                                |                                                                                                                                                |                1 |              8 |
|  design_1_i/mdm_1/U0/No_Dbg_Reg_Access.BUFG_DRCK/Ext_JTAG_DRCK | design_1_i/mdm_1/U0/Use_E2.BSCAN_I/Use_E2.BSCANE2_I_0[0]                                                                                                                                                   |                                                                                                                                                |                2 |              8 |
|  Clk_IBUF_BUFG                                                 | design_1_i/mdm_1/U0/Use_AXI_IPIF.AXI_LITE_IPIF_I/I_SLAVE_ATTACHMENT/s_axi_rresp_i                                                                                                                          | design_1_i/mdm_1/U0/Use_AXI_IPIF.AXI_LITE_IPIF_I/I_SLAVE_ATTACHMENT/rst                                                                        |                3 |              8 |
|  Clk_IBUF_BUFG                                                 | design_1_i/axi_timer_0/U0/AXI4_LITE_I/I_SLAVE_ATTACHMENT/I_DECODER/bus2ip_wrce[0]                                                                                                                          | design_1_i/axi_timer_0/U0/TC_CORE_I/GEN_SECOND_TIMER.COUNTER_1_I/COUNTER_I/s_axi_aresetn_0                                                     |                3 |              8 |
|  Clk_IBUF_BUFG                                                 | design_1_i/mdm_1/U0/MDM_Core_I1/JTAG_CONTROL_I/Use_UART.RX_FIFO_I/Addr_Counters[2].FDRE_I/CI                                                                                                               |                                                                                                                                                |                2 |              8 |
|  Clk_IBUF_BUFG                                                 | design_1_i/mdm_1/U0/MDM_Core_I1/JTAG_CONTROL_I/Use_UART.TX_FIFO_I/Addr_Counters[2].FDRE_I/CI                                                                                                               |                                                                                                                                                |                2 |              8 |
|  Clk_IBUF_BUFG                                                 |                                                                                                                                                                                                            | design_1_i/vga_control_0/U0/vga_control_v1_0_S00_AXI_inst/p_0_in                                                                               |                3 |              8 |
|  Clk_IBUF_BUFG                                                 |                                                                                                                                                                                                            | design_1_i/axi_intc_0/U0/INTC_CORE_I/p_0_in                                                                                                    |                3 |              8 |
|  Clk_IBUF_BUFG                                                 | design_1_i/task_07_0/U0/task_07_v1_0_S00_AXI_inst/slv_reg2[7]_i_1_n_0                                                                                                                                      | design_1_i/task_07_0/U0/task_07_v1_0_S00_AXI_inst/A[1]_i_1_n_0                                                                                 |                3 |              8 |
|  Clk_IBUF_BUFG                                                 | design_1_i/axi_intc_0/U0/AXI_LITE_IPIF_I/I_SLAVE_ATTACHMENT/bus2ip_addr_i[8]_i_1_n_0                                                                                                                       | design_1_i/axi_intc_0/U0/AXI_LITE_IPIF_I/I_SLAVE_ATTACHMENT/rst                                                                                |                2 |              8 |
|  design_1_i/mdm_1/U0/No_Dbg_Reg_Access.BUFG_DRCK/Ext_JTAG_DRCK | design_1_i/microblaze_0/U0/MicroBlaze_Core_I/Performance.Core/Use_Debug_Logic.Master_Core.Debug_Perf/Using_PC_Breakpoints.All_PC_Brks[0].Serial_Interface_1.address_hit_I/Compare[0].SRLC16E_I/which_pc__0 |                                                                                                                                                |                7 |              8 |
|  design_1_i/mdm_1/U0/No_Dbg_Reg_Access.BUFG_DRCK/Ext_JTAG_DRCK | design_1_i/mdm_1/U0/MDM_Core_I1/JTAG_CONTROL_I/tdi_shifter0                                                                                                                                                |                                                                                                                                                |                3 |              8 |
|  Clk_IBUF_BUFG                                                 | design_1_i/task_07_0/U0/task_07_v1_0_S00_AXI_inst/slv_reg1[15]_i_1_n_0                                                                                                                                     | design_1_i/task_07_0/U0/task_07_v1_0_S00_AXI_inst/A[1]_i_1_n_0                                                                                 |                2 |              8 |
|  Clk_IBUF_BUFG                                                 | design_1_i/task_07_0/U0/task_07_v1_0_S00_AXI_inst/slv_reg1[31]_i_1_n_0                                                                                                                                     | design_1_i/task_07_0/U0/task_07_v1_0_S00_AXI_inst/A[1]_i_1_n_0                                                                                 |                2 |              8 |
|  design_1_i/mdm_1/U0/No_Dbg_Reg_Access.BUFG_DRCK/Ext_JTAG_DRCK | design_1_i/mdm_1/U0/MDM_Core_I1/JTAG_CONTROL_I/Use_BSCAN.SYNC_FDRE/E[0]                                                                                                                                    |                                                                                                                                                |                1 |              8 |
|  Clk_IBUF_BUFG                                                 | design_1_i/task_07_0/U0/task_07_v1_0_S00_AXI_inst/slv_reg1[23]_i_1_n_0                                                                                                                                     | design_1_i/task_07_0/U0/task_07_v1_0_S00_AXI_inst/A[1]_i_1_n_0                                                                                 |                3 |              8 |
|  Clk_IBUF_BUFG                                                 | design_1_i/task_07_0/U0/task_07_v1_0_S00_AXI_inst/slv_reg1[7]_i_1_n_0                                                                                                                                      | design_1_i/task_07_0/U0/task_07_v1_0_S00_AXI_inst/A[1]_i_1_n_0                                                                                 |                4 |              8 |
|  Clk_IBUF_BUFG                                                 | design_1_i/task_07_0/U0/task_07_v1_0_S00_AXI_inst/slv_reg2[15]_i_1_n_0                                                                                                                                     | design_1_i/task_07_0/U0/task_07_v1_0_S00_AXI_inst/A[1]_i_1_n_0                                                                                 |                2 |              8 |
|  design_1_i/mdm_1/U0/Use_E2.BSCAN_I/Ext_JTAG_UPDATE            | design_1_i/mdm_1/U0/MDM_Core_I1/JTAG_CONTROL_I/Use_BSCAN.FDC_I/Use_BSCAN.PORT_Selector_reg[2][0]                                                                                                           |                                                                                                                                                |                1 |              8 |
|  Clk_IBUF_BUFG                                                 | design_1_i/task_07_0/U0/task_07_v1_0_S00_AXI_inst/slv_reg2[31]_i_1_n_0                                                                                                                                     | design_1_i/task_07_0/U0/task_07_v1_0_S00_AXI_inst/A[1]_i_1_n_0                                                                                 |                2 |              8 |
|  Clk_IBUF_BUFG                                                 | design_1_i/task_07_0/U0/task_07_v1_0_S00_AXI_inst/slv_reg2[23]_i_1_n_0                                                                                                                                     | design_1_i/task_07_0/U0/task_07_v1_0_S00_AXI_inst/A[1]_i_1_n_0                                                                                 |                1 |              8 |
|  Clk_IBUF_BUFG                                                 | design_1_i/task_07_0/U0/task_07_v1_0_S00_AXI_inst/p_1_in[7]                                                                                                                                                | design_1_i/task_07_0/U0/task_07_v1_0_S00_AXI_inst/A[1]_i_1_n_0                                                                                 |                1 |              8 |
|  Clk_IBUF_BUFG                                                 | design_1_i/task_07_0/U0/task_07_v1_0_S00_AXI_inst/p_1_in[31]                                                                                                                                               | design_1_i/task_07_0/U0/task_07_v1_0_S00_AXI_inst/A[1]_i_1_n_0                                                                                 |                1 |              8 |
|  Clk_IBUF_BUFG                                                 | design_1_i/task_07_0/U0/task_07_v1_0_S00_AXI_inst/p_1_in[23]                                                                                                                                               | design_1_i/task_07_0/U0/task_07_v1_0_S00_AXI_inst/A[1]_i_1_n_0                                                                                 |                1 |              8 |
|  Clk_IBUF_BUFG                                                 | design_1_i/task_07_0/U0/task_07_v1_0_S00_AXI_inst/p_1_in[15]                                                                                                                                               | design_1_i/task_07_0/U0/task_07_v1_0_S00_AXI_inst/A[1]_i_1_n_0                                                                                 |                2 |              8 |
|  Clk_IBUF_BUFG                                                 | design_1_i/axi_timer_0/U0/AXI4_LITE_I/I_SLAVE_ATTACHMENT/I_DECODER/bus2ip_wrce[1]                                                                                                                          | design_1_i/axi_timer_0/U0/TC_CORE_I/GEN_SECOND_TIMER.COUNTER_1_I/COUNTER_I/s_axi_aresetn_0                                                     |                3 |              9 |
|  Clk_IBUF_BUFG                                                 |                                                                                                                                                                                                            | design_1_i/mdm_1/U0/Use_AXI_IPIF.AXI_LITE_IPIF_I/I_SLAVE_ATTACHMENT/rst                                                                        |                3 |             10 |
|  design_1_i/mdm_1/U0/No_Dbg_Reg_Access.BUFG_DRCK/Ext_JTAG_DRCK | design_1_i/mdm_1/U0/MDM_Core_I1/JTAG_CONTROL_I/Use_BSCAN.FDC_I/E[0]                                                                                                                                        |                                                                                                                                                |                4 |             10 |
|  Clk_IBUF_BUFG                                                 | design_1_i/vga_control_0/U0/vga_control_v1_0_S00_AXI_inst/countery0                                                                                                                                        | design_1_i/vga_control_0/U0/vga_control_v1_0_S00_AXI_inst/p_0_in                                                                               |                3 |             10 |
|  Clk_IBUF_BUFG                                                 | design_1_i/vga_control_0/U0/vga_control_v1_0_S00_AXI_inst/counterx[9]_i_1_n_0                                                                                                                              | design_1_i/vga_control_0/U0/vga_control_v1_0_S00_AXI_inst/p_0_in                                                                               |                4 |             10 |
|  Clk_IBUF_BUFG                                                 |                                                                                                                                                                                                            | design_1_i/axi_intc_0/U0/AXI_LITE_IPIF_I/I_SLAVE_ATTACHMENT/rst                                                                                |                5 |             11 |
|  Clk_IBUF_BUFG                                                 |                                                                                                                                                                                                            | design_1_i/axi_timer_0/U0/AXI4_LITE_I/I_SLAVE_ATTACHMENT/rst                                                                                   |                4 |             11 |
|  Clk_IBUF_BUFG                                                 |                                                                                                                                                                                                            | design_1_i/axi_timer_0/U0/TC_CORE_I/GEN_SECOND_TIMER.COUNTER_1_I/COUNTER_I/s_axi_aresetn_0                                                     |                5 |             12 |
|  Clk_IBUF_BUFG                                                 | design_1_i/rst_Clk_100M/U0/peripheral_aresetn[0]                                                                                                                                                           |                                                                                                                                                |                5 |             15 |
|  Clk_IBUF_BUFG                                                 | design_1_i/vga_control_0/U0/vga_control_v1_0_S00_AXI_inst/row_and_col[14]_i_1_n_0                                                                                                                          |                                                                                                                                                |                2 |             15 |
|  Clk_IBUF_BUFG                                                 | design_1_i/axi_gpio_0/U0/AXI_LITE_IPIF_I/I_SLAVE_ATTACHMENT/I_DECODER/bus2ip_rnw_i_reg_1[0]                                                                                                                | design_1_i/axi_gpio_0/U0/AXI_LITE_IPIF_I/I_SLAVE_ATTACHMENT/SR[0]                                                                              |                4 |             16 |
|  Clk_IBUF_BUFG                                                 | design_1_i/microblaze_0/U0/MicroBlaze_Core_I/Performance.Core/Decode_I/PreFetch_Buffer_I1/Instruction_Prefetch_Mux[4].Gen_Instr_DFF/Using_FPGA.Native_1[0]                                                 | design_1_i/microblaze_0/U0/MicroBlaze_Core_I/sync_reset                                                                                        |                7 |             16 |
|  Clk_IBUF_BUFG                                                 |                                                                                                                                                                                                            | design_1_i/axi_gpio_1/U0/gpio_core_1/Read_Reg_Rst__0                                                                                           |                3 |             16 |
|  Clk_IBUF_BUFG                                                 | design_1_i/axi_gpio_1/U0/AXI_LITE_IPIF_I/I_SLAVE_ATTACHMENT/s_axi_rresp_i                                                                                                                                  | design_1_i/axi_gpio_1/U0/AXI_LITE_IPIF_I/I_SLAVE_ATTACHMENT/SR[0]                                                                              |                4 |             17 |
|  Clk_IBUF_BUFG                                                 | design_1_i/axi_gpio_0/U0/AXI_LITE_IPIF_I/I_SLAVE_ATTACHMENT/s_axi_rresp_i                                                                                                                                  | design_1_i/axi_gpio_0/U0/AXI_LITE_IPIF_I/I_SLAVE_ATTACHMENT/SR[0]                                                                              |                3 |             17 |
|  Clk_IBUF_BUFG                                                 |                                                                                                                                                                                                            | design_1_i/microblaze_0_axi_periph/xbar/inst/gen_sasd.crossbar_sasd_0/addr_arbiter_inst/SR[0]                                                  |                7 |             18 |
|  Clk_IBUF_BUFG                                                 | design_1_i/axi_intc_0/U0/AXI_LITE_IPIF_I/I_SLAVE_ATTACHMENT/start2                                                                                                                                         | design_1_i/axi_intc_0/U0/AXI_LITE_IPIF_I/I_SLAVE_ATTACHMENT/I_DECODER/cs_ce_clr                                                                |                5 |             19 |
|  Clk_IBUF_BUFG                                                 |                                                                                                                                                                                                            | design_1_i/axi_gpio_0/U0/AXI_LITE_IPIF_I/I_SLAVE_ATTACHMENT/I_DECODER/bus2ip_rnw_i_reg_2                                                       |                8 |             20 |
|  Clk_IBUF_BUFG                                                 | design_1_i/microblaze_0/U0/MicroBlaze_Core_I/Performance.Core/Decode_I/mem_wait_on_ready_N_carry_or/MUXCY_I/lopt_1                                                                                         | design_1_i/microblaze_0/U0/MicroBlaze_Core_I/sync_reset                                                                                        |                9 |             21 |
|  design_1_i/mdm_1/U0/No_Dbg_Reg_Access.BUFG_DRCK/Ext_JTAG_DRCK |                                                                                                                                                                                                            | design_1_i/mdm_1/U0/Use_E2.BSCAN_I/shift_n_reset1_out                                                                                          |                5 |             23 |
|  Clk_IBUF_BUFG                                                 | design_1_i/microblaze_0_axi_periph/xbar/inst/gen_sasd.crossbar_sasd_0/addr_arbiter_inst/p_0_in1_in                                                                                                         | design_1_i/microblaze_0_axi_periph/xbar/inst/gen_sasd.crossbar_sasd_0/addr_arbiter_inst/SR[0]                                                  |                9 |             30 |
|  Clk_IBUF_BUFG                                                 | design_1_i/microblaze_0/U0/MicroBlaze_Core_I/Performance.Core/Decode_I/PreFetch_Buffer_I1/Gen_Mux_Select_LUT6[2].Gen_Sel_DFF/Using_FPGA.Native_0[0]                                                        | design_1_i/microblaze_0/U0/MicroBlaze_Core_I/sync_reset                                                                                        |                7 |             32 |
|  Clk_IBUF_BUFG                                                 | design_1_i/microblaze_0/U0/MicroBlaze_Core_I/Performance.Core/Decode_I/Use_MuxCy[3].OF_Piperun_Stage/MUXCY_I/Using_FPGA.Native_0                                                                           | design_1_i/microblaze_0/U0/MicroBlaze_Core_I/Performance.Core/Decode_I/R                                                                       |                9 |             32 |
|  Clk_IBUF_BUFG                                                 | design_1_i/microblaze_0/U0/MicroBlaze_Core_I/Performance.Core/Decode_I/Use_MuxCy[3].OF_Piperun_Stage/MUXCY_I/wb_exception_i_reg_0[0]                                                                       | design_1_i/microblaze_0/U0/MicroBlaze_Core_I/sync_reset                                                                                        |                6 |             32 |
|  design_1_i/mdm_1/U0/No_Dbg_Reg_Access.BUFG_DRCK/Ext_JTAG_DRCK | design_1_i/microblaze_0/U0/MicroBlaze_Core_I/Performance.Core/Use_Debug_Logic.Master_Core.Debug_Perf/New_Dbg_Instr_TCK                                                                                     |                                                                                                                                                |                8 |             32 |
|  Clk_IBUF_BUFG                                                 | design_1_i/microblaze_0/U0/MicroBlaze_Core_I/Performance.Core/Decode_I/mem_wait_on_ready_N_carry_or/MUXCY_I/lopt_1                                                                                         | design_1_i/microblaze_0/U0/MicroBlaze_Core_I/Performance.Core/Decode_I/SR[0]                                                                   |               10 |             32 |
|  Clk_IBUF_BUFG                                                 | design_1_i/microblaze_0_axi_periph/xbar/inst/gen_sasd.crossbar_sasd_0/addr_arbiter_inst/s_axi_rvalid[0]                                                                                                    | design_1_i/microblaze_0/U0/MicroBlaze_Core_I/sync_reset                                                                                        |                9 |             32 |
|  Clk_IBUF_BUFG                                                 | design_1_i/microblaze_0_axi_periph/xbar/inst/gen_sasd.crossbar_sasd_0/reg_slice_r/aa_rready                                                                                                                |                                                                                                                                                |                5 |             32 |
|  Clk_IBUF_BUFG                                                 | design_1_i/task_07_0/U0/task_07_v1_0_S00_AXI_inst/slv_reg_rden                                                                                                                                             | design_1_i/task_07_0/U0/task_07_v1_0_S00_AXI_inst/A[1]_i_1_n_0                                                                                 |               15 |             32 |
|  Clk_IBUF_BUFG                                                 | design_1_i/axi_gpio_1/U0/AXI_LITE_IPIF_I/I_SLAVE_ATTACHMENT/I_DECODER/E[0]                                                                                                                                 | design_1_i/axi_gpio_1/U0/AXI_LITE_IPIF_I/I_SLAVE_ATTACHMENT/SR[0]                                                                              |               12 |             32 |
|  Clk_IBUF_BUFG                                                 | design_1_i/axi_timer_0/U0/TC_CORE_I/TIMER_CONTROL_I/INPUT_DOUBLE_REGS3/TCSR0_GENERATE[20].TCSR0_FF_I                                                                                                       | design_1_i/axi_timer_0/U0/TC_CORE_I/GEN_SECOND_TIMER.COUNTER_1_I/COUNTER_I/s_axi_aresetn_0                                                     |                5 |             32 |
|  Clk_IBUF_BUFG                                                 | design_1_i/axi_timer_0/U0/AXI4_LITE_I/I_SLAVE_ATTACHMENT/s_axi_rresp_i                                                                                                                                     | design_1_i/axi_timer_0/U0/AXI4_LITE_I/I_SLAVE_ATTACHMENT/rst                                                                                   |               32 |             32 |
|  Clk_IBUF_BUFG                                                 |                                                                                                                                                                                                            | design_1_i/microblaze_0/U0/MicroBlaze_Core_I/Performance.Core/p_1_out                                                                          |                8 |             32 |
|  Clk_IBUF_BUFG                                                 |                                                                                                                                                                                                            | design_1_i/axi_gpio_0/U0/AXI_LITE_IPIF_I/I_SLAVE_ATTACHMENT/SR[0]                                                                              |               10 |             32 |
|  Clk_IBUF_BUFG                                                 | design_1_i/axi_timer_0/U0/TC_CORE_I/TIMER_CONTROL_I/INPUT_DOUBLE_REGS3/generateOutPre0_reg                                                                                                                 | design_1_i/axi_timer_0/U0/TC_CORE_I/GEN_SECOND_TIMER.COUNTER_1_I/COUNTER_I/s_axi_aresetn_0                                                     |                4 |             32 |
|  Clk_IBUF_BUFG                                                 | design_1_i/microblaze_0/U0/MicroBlaze_Core_I/Performance.Core/Decode_I/mem_wait_on_ready_N_carry_or/MUXCY_I/lopt_1                                                                                         |                                                                                                                                                |                6 |             32 |
|  Clk_IBUF_BUFG                                                 | design_1_i/axi_timer_0/U0/TC_CORE_I/TIMER_CONTROL_I/CE_0                                                                                                                                                   | design_1_i/axi_timer_0/U0/TC_CORE_I/GEN_SECOND_TIMER.COUNTER_1_I/COUNTER_I/s_axi_aresetn_0                                                     |               10 |             32 |
|  Clk_IBUF_BUFG                                                 | design_1_i/axi_timer_0/U0/TC_CORE_I/TIMER_CONTROL_I/CE                                                                                                                                                     | design_1_i/axi_timer_0/U0/TC_CORE_I/GEN_SECOND_TIMER.COUNTER_1_I/COUNTER_I/s_axi_aresetn_0                                                     |                9 |             32 |
|  Clk_IBUF_BUFG                                                 |                                                                                                                                                                                                            | design_1_i/axi_gpio_1/U0/AXI_LITE_IPIF_I/I_SLAVE_ATTACHMENT/SR[0]                                                                              |               10 |             32 |
|  Clk_IBUF_BUFG                                                 | design_1_i/microblaze_0/U0/MicroBlaze_Core_I/Performance.Core/Use_Debug_Logic.Master_Core.Debug_Perf/data_rd_reg[0]_i_1_n_0                                                                                | design_1_i/microblaze_0/U0/MicroBlaze_Core_I/sync_reset                                                                                        |               13 |             32 |
|  Clk_IBUF_BUFG                                                 | design_1_i/microblaze_0_axi_periph/xbar/inst/gen_sasd.crossbar_sasd_0/addr_arbiter_inst/E[0]                                                                                                               |                                                                                                                                                |                6 |             33 |
|  Clk_IBUF_BUFG                                                 |                                                                                                                                                                                                            | design_1_i/task_07_0/U0/task_07_v1_0_S00_AXI_inst/A[1]_i_1_n_0                                                                                 |               14 |             44 |
|  design_1_i/mdm_1/U0/No_Dbg_Reg_Access.BUFG_DRCK/Ext_JTAG_DRCK | design_1_i/mdm_1/U0/Use_E2.BSCAN_I/Use_BSCAN.PORT_Selector_reg[0]                                                                                                                                          |                                                                                                                                                |               16 |             47 |
|  Clk_IBUF_BUFG                                                 | design_1_i/microblaze_0/U0/MicroBlaze_Core_I/Performance.Core/Decode_I/PreFetch_Buffer_I1/Instruction_Prefetch_Mux[42].Instr_Mux_MUXF7/IReady_0                                                            |                                                                                                                                                |               10 |             75 |
|  design_1_i/mdm_1/U0/No_Dbg_Reg_Access.BUFG_DRCK/Ext_JTAG_DRCK |                                                                                                                                                                                                            |                                                                                                                                                |               28 |             80 |
|  Clk_IBUF_BUFG                                                 | design_1_i/microblaze_0/U0/MicroBlaze_Core_I/Performance.Core/Decode_I/Use_MuxCy[3].OF_Piperun_Stage/MUXCY_I/Using_FPGA.Native_0                                                                           | design_1_i/microblaze_0/U0/MicroBlaze_Core_I/sync_reset                                                                                        |               36 |             91 |
|  Clk_IBUF_BUFG                                                 | design_1_i/microblaze_0/U0/MicroBlaze_Core_I/Performance.Core/Decode_I/Performance_Debug_Control.dbg_state_nohalt_reg[27]                                                                                  |                                                                                                                                                |               16 |            128 |
|  Clk_IBUF_BUFG                                                 |                                                                                                                                                                                                            | design_1_i/microblaze_0/U0/MicroBlaze_Core_I/sync_reset                                                                                        |               62 |            154 |
|  Clk_IBUF_BUFG                                                 | design_1_i/microblaze_0/U0/MicroBlaze_Core_I/Performance.Core/Decode_I/Use_MuxCy[11].OF_Piperun_Stage/MUXCY_I/of_pause_reg                                                                                 | design_1_i/microblaze_0/U0/MicroBlaze_Core_I/sync_reset                                                                                        |               71 |            221 |
|  Clk_IBUF_BUFG                                                 |                                                                                                                                                                                                            |                                                                                                                                                |              103 |            253 |
+----------------------------------------------------------------+------------------------------------------------------------------------------------------------------------------------------------------------------------------------------------------------------------+------------------------------------------------------------------------------------------------------------------------------------------------+------------------+----------------+


