
*** Running vivado
    with args -log design_1_wrapper.vds -m64 -product Vivado -mode batch -messageDb vivado.pb -notrace -source design_1_wrapper.tcl


****** Vivado v2018.3 (64-bit)
  **** SW Build 2405991 on Thu Dec  6 23:38:27 MST 2018
  **** IP Build 2404404 on Fri Dec  7 01:43:56 MST 2018
    ** Copyright 1986-2018 Xilinx, Inc. All Rights Reserved.

source design_1_wrapper.tcl -notrace
INFO: [IP_Flow 19-234] Refreshing IP repositories
INFO: [IP_Flow 19-1700] Loaded user IP repository 'c:/Users/LIO/Documents/UC/4/Embebidos/ip_repo/task_07_1.0'.
INFO: [IP_Flow 19-1700] Loaded user IP repository 'c:/Users/LIO/Documents/UC/4/repo/Basys3_Breakout_Game/vga_control_1.0'.
INFO: [IP_Flow 19-2313] Loaded Vivado IP repository 'C:/Xilinx/Vivado/2018.3/data/ip'.
Command: synth_design -top design_1_wrapper -part xc7a35tcpg236-1
Starting synth_design
Attempting to get a license for feature 'Synthesis' and/or device 'xc7a35t'
INFO: [Common 17-349] Got license for feature 'Synthesis' and/or device 'xc7a35t'
INFO: Launching helper process for spawning children vivado processes
INFO: Helper process launched with PID 7028 
---------------------------------------------------------------------------------
Starting RTL Elaboration : Time (s): cpu = 00:00:02 ; elapsed = 00:00:04 . Memory (MB): peak = 403.125 ; gain = 103.828
---------------------------------------------------------------------------------
INFO: [Synth 8-638] synthesizing module 'design_1_wrapper' [C:/Users/LIO/Documents/UC/4/repo/Basys3_Breakout_Game/task_05/task_05.srcs/sources_1/bd/design_1/hdl/design_1_wrapper.vhd:31]
INFO: [Synth 8-3491] module 'design_1' declared at 'C:/Users/LIO/Documents/UC/4/repo/Basys3_Breakout_Game/task_05/task_05.srcs/sources_1/bd/design_1/synth/design_1.vhd:2547' bound to instance 'design_1_i' of component 'design_1' [C:/Users/LIO/Documents/UC/4/repo/Basys3_Breakout_Game/task_05/task_05.srcs/sources_1/bd/design_1/hdl/design_1_wrapper.vhd:49]
INFO: [Synth 8-638] synthesizing module 'design_1' [C:/Users/LIO/Documents/UC/4/repo/Basys3_Breakout_Game/task_05/task_05.srcs/sources_1/bd/design_1/synth/design_1.vhd:2568]
INFO: [Synth 8-3491] module 'design_1_axi_gpio_0_0' declared at 'C:/Users/LIO/Documents/UC/4/repo/Basys3_Breakout_Game/task_05/task_05.runs/synth_1/.Xil/Vivado-9304-DESKTOP-LIO/realtime/design_1_axi_gpio_0_0_stub.vhdl:5' bound to instance 'axi_gpio_0' of component 'design_1_axi_gpio_0_0' [C:/Users/LIO/Documents/UC/4/repo/Basys3_Breakout_Game/task_05/task_05.srcs/sources_1/bd/design_1/synth/design_1.vhd:3055]
INFO: [Synth 8-638] synthesizing module 'design_1_axi_gpio_0_0' [C:/Users/LIO/Documents/UC/4/repo/Basys3_Breakout_Game/task_05/task_05.runs/synth_1/.Xil/Vivado-9304-DESKTOP-LIO/realtime/design_1_axi_gpio_0_0_stub.vhdl:32]
INFO: [Synth 8-3491] module 'design_1_axi_gpio_0_1' declared at 'C:/Users/LIO/Documents/UC/4/repo/Basys3_Breakout_Game/task_05/task_05.runs/synth_1/.Xil/Vivado-9304-DESKTOP-LIO/realtime/design_1_axi_gpio_0_1_stub.vhdl:5' bound to instance 'axi_gpio_1' of component 'design_1_axi_gpio_0_1' [C:/Users/LIO/Documents/UC/4/repo/Basys3_Breakout_Game/task_05/task_05.srcs/sources_1/bd/design_1/synth/design_1.vhd:3079]
INFO: [Synth 8-638] synthesizing module 'design_1_axi_gpio_0_1' [C:/Users/LIO/Documents/UC/4/repo/Basys3_Breakout_Game/task_05/task_05.runs/synth_1/.Xil/Vivado-9304-DESKTOP-LIO/realtime/design_1_axi_gpio_0_1_stub.vhdl:31]
INFO: [Synth 8-3491] module 'design_1_axi_intc_0_0' declared at 'C:/Users/LIO/Documents/UC/4/repo/Basys3_Breakout_Game/task_05/task_05.runs/synth_1/.Xil/Vivado-9304-DESKTOP-LIO/realtime/design_1_axi_intc_0_0_stub.vhdl:5' bound to instance 'axi_intc_0' of component 'design_1_axi_intc_0_0' [C:/Users/LIO/Documents/UC/4/repo/Basys3_Breakout_Game/task_05/task_05.srcs/sources_1/bd/design_1/synth/design_1.vhd:3102]
INFO: [Synth 8-638] synthesizing module 'design_1_axi_intc_0_0' [C:/Users/LIO/Documents/UC/4/repo/Basys3_Breakout_Game/task_05/task_05.runs/synth_1/.Xil/Vivado-9304-DESKTOP-LIO/realtime/design_1_axi_intc_0_0_stub.vhdl:32]
INFO: [Synth 8-3491] module 'design_1_axi_timer_0_0' declared at 'C:/Users/LIO/Documents/UC/4/repo/Basys3_Breakout_Game/task_05/task_05.runs/synth_1/.Xil/Vivado-9304-DESKTOP-LIO/realtime/design_1_axi_timer_0_0_stub.vhdl:5' bound to instance 'axi_timer_0' of component 'design_1_axi_timer_0_0' [C:/Users/LIO/Documents/UC/4/repo/Basys3_Breakout_Game/task_05/task_05.srcs/sources_1/bd/design_1/synth/design_1.vhd:3126]
INFO: [Synth 8-638] synthesizing module 'design_1_axi_timer_0_0' [C:/Users/LIO/Documents/UC/4/repo/Basys3_Breakout_Game/task_05/task_05.runs/synth_1/.Xil/Vivado-9304-DESKTOP-LIO/realtime/design_1_axi_timer_0_0_stub.vhdl:37]
INFO: [Synth 8-3491] module 'design_1_mdm_1_0' declared at 'C:/Users/LIO/Documents/UC/4/repo/Basys3_Breakout_Game/task_05/task_05.runs/synth_1/.Xil/Vivado-9304-DESKTOP-LIO/realtime/design_1_mdm_1_0_stub.vhdl:5' bound to instance 'mdm_1' of component 'design_1_mdm_1_0' [C:/Users/LIO/Documents/UC/4/repo/Basys3_Breakout_Game/task_05/task_05.srcs/sources_1/bd/design_1/synth/design_1.vhd:3155]
INFO: [Synth 8-638] synthesizing module 'design_1_mdm_1_0' [C:/Users/LIO/Documents/UC/4/repo/Basys3_Breakout_Game/task_05/task_05.runs/synth_1/.Xil/Vivado-9304-DESKTOP-LIO/realtime/design_1_mdm_1_0_stub.vhdl:41]
INFO: [Synth 8-3491] module 'design_1_microblaze_0_0' declared at 'C:/Users/LIO/Documents/UC/4/repo/Basys3_Breakout_Game/task_05/task_05.runs/synth_1/.Xil/Vivado-9304-DESKTOP-LIO/realtime/design_1_microblaze_0_0_stub.vhdl:5' bound to instance 'microblaze_0' of component 'design_1_microblaze_0_0' [C:/Users/LIO/Documents/UC/4/repo/Basys3_Breakout_Game/task_05/task_05.srcs/sources_1/bd/design_1/synth/design_1.vhd:3188]
INFO: [Synth 8-638] synthesizing module 'design_1_microblaze_0_0' [C:/Users/LIO/Documents/UC/4/repo/Basys3_Breakout_Game/task_05/task_05.runs/synth_1/.Xil/Vivado-9304-DESKTOP-LIO/realtime/design_1_microblaze_0_0_stub.vhdl:63]
INFO: [Synth 8-638] synthesizing module 'design_1_microblaze_0_axi_periph_0' [C:/Users/LIO/Documents/UC/4/repo/Basys3_Breakout_Game/task_05/task_05.srcs/sources_1/bd/design_1/synth/design_1.vhd:1575]
INFO: [Synth 8-638] synthesizing module 'm00_couplers_imp_8RVYHO' [C:/Users/LIO/Documents/UC/4/repo/Basys3_Breakout_Game/task_05/task_05.srcs/sources_1/bd/design_1/synth/design_1.vhd:57]
INFO: [Synth 8-256] done synthesizing module 'm00_couplers_imp_8RVYHO' (1#1) [C:/Users/LIO/Documents/UC/4/repo/Basys3_Breakout_Game/task_05/task_05.srcs/sources_1/bd/design_1/synth/design_1.vhd:57]
INFO: [Synth 8-638] synthesizing module 'm01_couplers_imp_1UTB3Y5' [C:/Users/LIO/Documents/UC/4/repo/Basys3_Breakout_Game/task_05/task_05.srcs/sources_1/bd/design_1/synth/design_1.vhd:158]
INFO: [Synth 8-256] done synthesizing module 'm01_couplers_imp_1UTB3Y5' (2#1) [C:/Users/LIO/Documents/UC/4/repo/Basys3_Breakout_Game/task_05/task_05.srcs/sources_1/bd/design_1/synth/design_1.vhd:158]
INFO: [Synth 8-638] synthesizing module 'm02_couplers_imp_7ANRHB' [C:/Users/LIO/Documents/UC/4/repo/Basys3_Breakout_Game/task_05/task_05.srcs/sources_1/bd/design_1/synth/design_1.vhd:259]
INFO: [Synth 8-256] done synthesizing module 'm02_couplers_imp_7ANRHB' (3#1) [C:/Users/LIO/Documents/UC/4/repo/Basys3_Breakout_Game/task_05/task_05.srcs/sources_1/bd/design_1/synth/design_1.vhd:259]
INFO: [Synth 8-638] synthesizing module 'm03_couplers_imp_1W07O72' [C:/Users/LIO/Documents/UC/4/repo/Basys3_Breakout_Game/task_05/task_05.srcs/sources_1/bd/design_1/synth/design_1.vhd:360]
INFO: [Synth 8-256] done synthesizing module 'm03_couplers_imp_1W07O72' (4#1) [C:/Users/LIO/Documents/UC/4/repo/Basys3_Breakout_Game/task_05/task_05.srcs/sources_1/bd/design_1/synth/design_1.vhd:360]
INFO: [Synth 8-638] synthesizing module 'm04_couplers_imp_5LX7BU' [C:/Users/LIO/Documents/UC/4/repo/Basys3_Breakout_Game/task_05/task_05.srcs/sources_1/bd/design_1/synth/design_1.vhd:461]
INFO: [Synth 8-256] done synthesizing module 'm04_couplers_imp_5LX7BU' (5#1) [C:/Users/LIO/Documents/UC/4/repo/Basys3_Breakout_Game/task_05/task_05.srcs/sources_1/bd/design_1/synth/design_1.vhd:461]
INFO: [Synth 8-638] synthesizing module 'm05_couplers_imp_1XR4ZAZ' [C:/Users/LIO/Documents/UC/4/repo/Basys3_Breakout_Game/task_05/task_05.srcs/sources_1/bd/design_1/synth/design_1.vhd:566]
INFO: [Synth 8-256] done synthesizing module 'm05_couplers_imp_1XR4ZAZ' (6#1) [C:/Users/LIO/Documents/UC/4/repo/Basys3_Breakout_Game/task_05/task_05.srcs/sources_1/bd/design_1/synth/design_1.vhd:566]
INFO: [Synth 8-638] synthesizing module 'm06_couplers_imp_4YOIXL' [C:/Users/LIO/Documents/UC/4/repo/Basys3_Breakout_Game/task_05/task_05.srcs/sources_1/bd/design_1/synth/design_1.vhd:677]
INFO: [Synth 8-256] done synthesizing module 'm06_couplers_imp_4YOIXL' (7#1) [C:/Users/LIO/Documents/UC/4/repo/Basys3_Breakout_Game/task_05/task_05.srcs/sources_1/bd/design_1/synth/design_1.vhd:677]
INFO: [Synth 8-638] synthesizing module 's00_couplers_imp_1RZP34U' [C:/Users/LIO/Documents/UC/4/repo/Basys3_Breakout_Game/task_05/task_05.srcs/sources_1/bd/design_1/synth/design_1.vhd:1346]
INFO: [Synth 8-256] done synthesizing module 's00_couplers_imp_1RZP34U' (8#1) [C:/Users/LIO/Documents/UC/4/repo/Basys3_Breakout_Game/task_05/task_05.srcs/sources_1/bd/design_1/synth/design_1.vhd:1346]
INFO: [Synth 8-3491] module 'design_1_xbar_0' declared at 'C:/Users/LIO/Documents/UC/4/repo/Basys3_Breakout_Game/task_05/task_05.runs/synth_1/.Xil/Vivado-9304-DESKTOP-LIO/realtime/design_1_xbar_0_stub.vhdl:5' bound to instance 'xbar' of component 'design_1_xbar_0' [C:/Users/LIO/Documents/UC/4/repo/Basys3_Breakout_Game/task_05/task_05.srcs/sources_1/bd/design_1/synth/design_1.vhd:2393]
INFO: [Synth 8-638] synthesizing module 'design_1_xbar_0' [C:/Users/LIO/Documents/UC/4/repo/Basys3_Breakout_Game/task_05/task_05.runs/synth_1/.Xil/Vivado-9304-DESKTOP-LIO/realtime/design_1_xbar_0_stub.vhdl:51]
INFO: [Synth 8-256] done synthesizing module 'design_1_microblaze_0_axi_periph_0' (9#1) [C:/Users/LIO/Documents/UC/4/repo/Basys3_Breakout_Game/task_05/task_05.srcs/sources_1/bd/design_1/synth/design_1.vhd:1575]
INFO: [Synth 8-638] synthesizing module 'microblaze_0_local_memory_imp_1K0VQXK' [C:/Users/LIO/Documents/UC/4/repo/Basys3_Breakout_Game/task_05/task_05.srcs/sources_1/bd/design_1/synth/design_1.vhd:767]
INFO: [Synth 8-3491] module 'design_1_dlmb_bram_if_cntlr_0' declared at 'C:/Users/LIO/Documents/UC/4/repo/Basys3_Breakout_Game/task_05/task_05.runs/synth_1/.Xil/Vivado-9304-DESKTOP-LIO/realtime/design_1_dlmb_bram_if_cntlr_0_stub.vhdl:5' bound to instance 'dlmb_bram_if_cntlr' of component 'design_1_dlmb_bram_if_cntlr_0' [C:/Users/LIO/Documents/UC/4/repo/Basys3_Breakout_Game/task_05/task_05.srcs/sources_1/bd/design_1/synth/design_1.vhd:981]
INFO: [Synth 8-638] synthesizing module 'design_1_dlmb_bram_if_cntlr_0' [C:/Users/LIO/Documents/UC/4/repo/Basys3_Breakout_Game/task_05/task_05.runs/synth_1/.Xil/Vivado-9304-DESKTOP-LIO/realtime/design_1_dlmb_bram_if_cntlr_0_stub.vhdl:31]
INFO: [Synth 8-3491] module 'design_1_dlmb_v10_0' declared at 'C:/Users/LIO/Documents/UC/4/repo/Basys3_Breakout_Game/task_05/task_05.runs/synth_1/.Xil/Vivado-9304-DESKTOP-LIO/realtime/design_1_dlmb_v10_0_stub.vhdl:5' bound to instance 'dlmb_v10' of component 'design_1_dlmb_v10_0' [C:/Users/LIO/Documents/UC/4/repo/Basys3_Breakout_Game/task_05/task_05.srcs/sources_1/bd/design_1/synth/design_1.vhd:1035]
INFO: [Synth 8-638] synthesizing module 'design_1_dlmb_v10_0' [C:/Users/LIO/Documents/UC/4/repo/Basys3_Breakout_Game/task_05/task_05.runs/synth_1/.Xil/Vivado-9304-DESKTOP-LIO/realtime/design_1_dlmb_v10_0_stub.vhdl:36]
INFO: [Synth 8-3491] module 'design_1_ilmb_bram_if_cntlr_0' declared at 'C:/Users/LIO/Documents/UC/4/repo/Basys3_Breakout_Game/task_05/task_05.runs/synth_1/.Xil/Vivado-9304-DESKTOP-LIO/realtime/design_1_ilmb_bram_if_cntlr_0_stub.vhdl:5' bound to instance 'ilmb_bram_if_cntlr' of component 'design_1_ilmb_bram_if_cntlr_0' [C:/Users/LIO/Documents/UC/4/repo/Basys3_Breakout_Game/task_05/task_05.srcs/sources_1/bd/design_1/synth/design_1.vhd:1063]
INFO: [Synth 8-638] synthesizing module 'design_1_ilmb_bram_if_cntlr_0' [C:/Users/LIO/Documents/UC/4/repo/Basys3_Breakout_Game/task_05/task_05.runs/synth_1/.Xil/Vivado-9304-DESKTOP-LIO/realtime/design_1_ilmb_bram_if_cntlr_0_stub.vhdl:31]
INFO: [Synth 8-3491] module 'design_1_ilmb_v10_0' declared at 'C:/Users/LIO/Documents/UC/4/repo/Basys3_Breakout_Game/task_05/task_05.runs/synth_1/.Xil/Vivado-9304-DESKTOP-LIO/realtime/design_1_ilmb_v10_0_stub.vhdl:5' bound to instance 'ilmb_v10' of component 'design_1_ilmb_v10_0' [C:/Users/LIO/Documents/UC/4/repo/Basys3_Breakout_Game/task_05/task_05.srcs/sources_1/bd/design_1/synth/design_1.vhd:1117]
INFO: [Synth 8-638] synthesizing module 'design_1_ilmb_v10_0' [C:/Users/LIO/Documents/UC/4/repo/Basys3_Breakout_Game/task_05/task_05.runs/synth_1/.Xil/Vivado-9304-DESKTOP-LIO/realtime/design_1_ilmb_v10_0_stub.vhdl:36]
INFO: [Synth 8-3491] module 'design_1_lmb_bram_0' declared at 'C:/Users/LIO/Documents/UC/4/repo/Basys3_Breakout_Game/task_05/task_05.runs/synth_1/.Xil/Vivado-9304-DESKTOP-LIO/realtime/design_1_lmb_bram_0_stub.vhdl:5' bound to instance 'lmb_bram' of component 'design_1_lmb_bram_0' [C:/Users/LIO/Documents/UC/4/repo/Basys3_Breakout_Game/task_05/task_05.srcs/sources_1/bd/design_1/synth/design_1.vhd:1145]
INFO: [Synth 8-638] synthesizing module 'design_1_lmb_bram_0' [C:/Users/LIO/Documents/UC/4/repo/Basys3_Breakout_Game/task_05/task_05.runs/synth_1/.Xil/Vivado-9304-DESKTOP-LIO/realtime/design_1_lmb_bram_0_stub.vhdl:27]
INFO: [Synth 8-256] done synthesizing module 'microblaze_0_local_memory_imp_1K0VQXK' (10#1) [C:/Users/LIO/Documents/UC/4/repo/Basys3_Breakout_Game/task_05/task_05.srcs/sources_1/bd/design_1/synth/design_1.vhd:767]
INFO: [Synth 8-3491] module 'design_1_rst_Clk_100M_0' declared at 'C:/Users/LIO/Documents/UC/4/repo/Basys3_Breakout_Game/task_05/task_05.runs/synth_1/.Xil/Vivado-9304-DESKTOP-LIO/realtime/design_1_rst_Clk_100M_0_stub.vhdl:5' bound to instance 'rst_Clk_100M' of component 'design_1_rst_Clk_100M_0' [C:/Users/LIO/Documents/UC/4/repo/Basys3_Breakout_Game/task_05/task_05.srcs/sources_1/bd/design_1/synth/design_1.vhd:3430]
INFO: [Synth 8-638] synthesizing module 'design_1_rst_Clk_100M_0' [C:/Users/LIO/Documents/UC/4/repo/Basys3_Breakout_Game/task_05/task_05.runs/synth_1/.Xil/Vivado-9304-DESKTOP-LIO/realtime/design_1_rst_Clk_100M_0_stub.vhdl:21]
INFO: [Synth 8-3491] module 'design_1_task_07_0_0' declared at 'C:/Users/LIO/Documents/UC/4/repo/Basys3_Breakout_Game/task_05/task_05.runs/synth_1/.Xil/Vivado-9304-DESKTOP-LIO/realtime/design_1_task_07_0_0_stub.vhdl:5' bound to instance 'task_07_0' of component 'design_1_task_07_0_0' [C:/Users/LIO/Documents/UC/4/repo/Basys3_Breakout_Game/task_05/task_05.srcs/sources_1/bd/design_1/synth/design_1.vhd:3443]
INFO: [Synth 8-638] synthesizing module 'design_1_task_07_0_0' [C:/Users/LIO/Documents/UC/4/repo/Basys3_Breakout_Game/task_05/task_05.runs/synth_1/.Xil/Vivado-9304-DESKTOP-LIO/realtime/design_1_task_07_0_0_stub.vhdl:34]
INFO: [Synth 8-3491] module 'design_1_vga_control_0_0' declared at 'C:/Users/LIO/Documents/UC/4/repo/Basys3_Breakout_Game/task_05/task_05.runs/synth_1/.Xil/Vivado-9304-DESKTOP-LIO/realtime/design_1_vga_control_0_0_stub.vhdl:5' bound to instance 'vga_control_0' of component 'design_1_vga_control_0_0' [C:/Users/LIO/Documents/UC/4/repo/Basys3_Breakout_Game/task_05/task_05.srcs/sources_1/bd/design_1/synth/design_1.vhd:3469]
INFO: [Synth 8-638] synthesizing module 'design_1_vga_control_0_0' [C:/Users/LIO/Documents/UC/4/repo/Basys3_Breakout_Game/task_05/task_05.runs/synth_1/.Xil/Vivado-9304-DESKTOP-LIO/realtime/design_1_vga_control_0_0_stub.vhdl:37]
INFO: [Synth 8-256] done synthesizing module 'design_1' (11#1) [C:/Users/LIO/Documents/UC/4/repo/Basys3_Breakout_Game/task_05/task_05.srcs/sources_1/bd/design_1/synth/design_1.vhd:2568]
INFO: [Synth 8-256] done synthesizing module 'design_1_wrapper' (12#1) [C:/Users/LIO/Documents/UC/4/repo/Basys3_Breakout_Game/task_05/task_05.srcs/sources_1/bd/design_1/hdl/design_1_wrapper.vhd:31]
WARNING: [Synth 8-3331] design s00_couplers_imp_1RZP34U has unconnected port M_ACLK
WARNING: [Synth 8-3331] design s00_couplers_imp_1RZP34U has unconnected port M_ARESETN
WARNING: [Synth 8-3331] design s00_couplers_imp_1RZP34U has unconnected port S_ACLK
WARNING: [Synth 8-3331] design s00_couplers_imp_1RZP34U has unconnected port S_ARESETN
WARNING: [Synth 8-3331] design m06_couplers_imp_4YOIXL has unconnected port M_ACLK
WARNING: [Synth 8-3331] design m06_couplers_imp_4YOIXL has unconnected port M_ARESETN
WARNING: [Synth 8-3331] design m06_couplers_imp_4YOIXL has unconnected port S_ACLK
WARNING: [Synth 8-3331] design m06_couplers_imp_4YOIXL has unconnected port S_ARESETN
WARNING: [Synth 8-3331] design m05_couplers_imp_1XR4ZAZ has unconnected port M_ACLK
WARNING: [Synth 8-3331] design m05_couplers_imp_1XR4ZAZ has unconnected port M_ARESETN
WARNING: [Synth 8-3331] design m05_couplers_imp_1XR4ZAZ has unconnected port S_ACLK
WARNING: [Synth 8-3331] design m05_couplers_imp_1XR4ZAZ has unconnected port S_ARESETN
WARNING: [Synth 8-3331] design m04_couplers_imp_5LX7BU has unconnected port M_ACLK
WARNING: [Synth 8-3331] design m04_couplers_imp_5LX7BU has unconnected port M_ARESETN
WARNING: [Synth 8-3331] design m04_couplers_imp_5LX7BU has unconnected port S_ACLK
WARNING: [Synth 8-3331] design m04_couplers_imp_5LX7BU has unconnected port S_ARESETN
WARNING: [Synth 8-3331] design m03_couplers_imp_1W07O72 has unconnected port M_ACLK
WARNING: [Synth 8-3331] design m03_couplers_imp_1W07O72 has unconnected port M_ARESETN
WARNING: [Synth 8-3331] design m03_couplers_imp_1W07O72 has unconnected port S_ACLK
WARNING: [Synth 8-3331] design m03_couplers_imp_1W07O72 has unconnected port S_ARESETN
WARNING: [Synth 8-3331] design m02_couplers_imp_7ANRHB has unconnected port M_ACLK
WARNING: [Synth 8-3331] design m02_couplers_imp_7ANRHB has unconnected port M_ARESETN
WARNING: [Synth 8-3331] design m02_couplers_imp_7ANRHB has unconnected port S_ACLK
WARNING: [Synth 8-3331] design m02_couplers_imp_7ANRHB has unconnected port S_ARESETN
WARNING: [Synth 8-3331] design m01_couplers_imp_1UTB3Y5 has unconnected port M_ACLK
WARNING: [Synth 8-3331] design m01_couplers_imp_1UTB3Y5 has unconnected port M_ARESETN
WARNING: [Synth 8-3331] design m01_couplers_imp_1UTB3Y5 has unconnected port S_ACLK
WARNING: [Synth 8-3331] design m01_couplers_imp_1UTB3Y5 has unconnected port S_ARESETN
WARNING: [Synth 8-3331] design m00_couplers_imp_8RVYHO has unconnected port M_ACLK
WARNING: [Synth 8-3331] design m00_couplers_imp_8RVYHO has unconnected port M_ARESETN
WARNING: [Synth 8-3331] design m00_couplers_imp_8RVYHO has unconnected port S_ACLK
WARNING: [Synth 8-3331] design m00_couplers_imp_8RVYHO has unconnected port S_ARESETN
WARNING: [Synth 8-3331] design design_1_microblaze_0_axi_periph_0 has unconnected port M00_ACLK
WARNING: [Synth 8-3331] design design_1_microblaze_0_axi_periph_0 has unconnected port M00_ARESETN
WARNING: [Synth 8-3331] design design_1_microblaze_0_axi_periph_0 has unconnected port M01_ACLK
WARNING: [Synth 8-3331] design design_1_microblaze_0_axi_periph_0 has unconnected port M01_ARESETN
WARNING: [Synth 8-3331] design design_1_microblaze_0_axi_periph_0 has unconnected port M02_ACLK
WARNING: [Synth 8-3331] design design_1_microblaze_0_axi_periph_0 has unconnected port M02_ARESETN
WARNING: [Synth 8-3331] design design_1_microblaze_0_axi_periph_0 has unconnected port M03_ACLK
WARNING: [Synth 8-3331] design design_1_microblaze_0_axi_periph_0 has unconnected port M03_ARESETN
WARNING: [Synth 8-3331] design design_1_microblaze_0_axi_periph_0 has unconnected port M04_ACLK
WARNING: [Synth 8-3331] design design_1_microblaze_0_axi_periph_0 has unconnected port M04_ARESETN
WARNING: [Synth 8-3331] design design_1_microblaze_0_axi_periph_0 has unconnected port M05_ACLK
WARNING: [Synth 8-3331] design design_1_microblaze_0_axi_periph_0 has unconnected port M05_ARESETN
WARNING: [Synth 8-3331] design design_1_microblaze_0_axi_periph_0 has unconnected port M06_ACLK
WARNING: [Synth 8-3331] design design_1_microblaze_0_axi_periph_0 has unconnected port M06_ARESETN
WARNING: [Synth 8-3331] design design_1_microblaze_0_axi_periph_0 has unconnected port S00_ACLK
WARNING: [Synth 8-3331] design design_1_microblaze_0_axi_periph_0 has unconnected port S00_ARESETN
---------------------------------------------------------------------------------
Finished RTL Elaboration : Time (s): cpu = 00:00:04 ; elapsed = 00:00:06 . Memory (MB): peak = 462.676 ; gain = 163.379
---------------------------------------------------------------------------------

Report Check Netlist: 
+------+------------------+-------+---------+-------+------------------+
|      |Item              |Errors |Warnings |Status |Description       |
+------+------------------+-------+---------+-------+------------------+
|1     |multi_driven_nets |      0|        0|Passed |Multi driven nets |
+------+------------------+-------+---------+-------+------------------+
---------------------------------------------------------------------------------
Start Handling Custom Attributes
---------------------------------------------------------------------------------
---------------------------------------------------------------------------------
Finished Handling Custom Attributes : Time (s): cpu = 00:00:04 ; elapsed = 00:00:07 . Memory (MB): peak = 462.676 ; gain = 163.379
---------------------------------------------------------------------------------
---------------------------------------------------------------------------------
Finished RTL Optimization Phase 1 : Time (s): cpu = 00:00:04 ; elapsed = 00:00:07 . Memory (MB): peak = 462.676 ; gain = 163.379
---------------------------------------------------------------------------------
INFO: [Device 21-403] Loading part xc7a35tcpg236-1
INFO: [Project 1-570] Preparing netlist for logic optimization

Processing XDC Constraints
Initializing timing engine
Parsing XDC File [c:/Users/LIO/Documents/UC/4/repo/Basys3_Breakout_Game/task_05/task_05.srcs/sources_1/bd/design_1/ip/design_1_microblaze_0_0/design_1_microblaze_0_0/design_1_microblaze_0_0_in_context.xdc] for cell 'design_1_i/microblaze_0'
Finished Parsing XDC File [c:/Users/LIO/Documents/UC/4/repo/Basys3_Breakout_Game/task_05/task_05.srcs/sources_1/bd/design_1/ip/design_1_microblaze_0_0/design_1_microblaze_0_0/design_1_microblaze_0_0_in_context.xdc] for cell 'design_1_i/microblaze_0'
Parsing XDC File [c:/Users/LIO/Documents/UC/4/repo/Basys3_Breakout_Game/task_05/task_05.srcs/sources_1/bd/design_1/ip/design_1_axi_gpio_0_0/design_1_axi_gpio_0_0/design_1_axi_gpio_0_0_in_context.xdc] for cell 'design_1_i/axi_gpio_0'
Finished Parsing XDC File [c:/Users/LIO/Documents/UC/4/repo/Basys3_Breakout_Game/task_05/task_05.srcs/sources_1/bd/design_1/ip/design_1_axi_gpio_0_0/design_1_axi_gpio_0_0/design_1_axi_gpio_0_0_in_context.xdc] for cell 'design_1_i/axi_gpio_0'
Parsing XDC File [c:/Users/LIO/Documents/UC/4/repo/Basys3_Breakout_Game/task_05/task_05.srcs/sources_1/bd/design_1/ip/design_1_axi_gpio_0_1/design_1_axi_gpio_0_1/design_1_axi_gpio_0_1_in_context.xdc] for cell 'design_1_i/axi_gpio_1'
Finished Parsing XDC File [c:/Users/LIO/Documents/UC/4/repo/Basys3_Breakout_Game/task_05/task_05.srcs/sources_1/bd/design_1/ip/design_1_axi_gpio_0_1/design_1_axi_gpio_0_1/design_1_axi_gpio_0_1_in_context.xdc] for cell 'design_1_i/axi_gpio_1'
Parsing XDC File [c:/Users/LIO/Documents/UC/4/repo/Basys3_Breakout_Game/task_05/task_05.srcs/sources_1/bd/design_1/ip/design_1_axi_timer_0_0/design_1_axi_timer_0_0/design_1_axi_timer_0_0_in_context.xdc] for cell 'design_1_i/axi_timer_0'
Finished Parsing XDC File [c:/Users/LIO/Documents/UC/4/repo/Basys3_Breakout_Game/task_05/task_05.srcs/sources_1/bd/design_1/ip/design_1_axi_timer_0_0/design_1_axi_timer_0_0/design_1_axi_timer_0_0_in_context.xdc] for cell 'design_1_i/axi_timer_0'
Parsing XDC File [c:/Users/LIO/Documents/UC/4/repo/Basys3_Breakout_Game/task_05/task_05.srcs/sources_1/bd/design_1/ip/design_1_dlmb_v10_0/design_1_dlmb_v10_0/design_1_ilmb_v10_0_in_context.xdc] for cell 'design_1_i/microblaze_0_local_memory/dlmb_v10'
Finished Parsing XDC File [c:/Users/LIO/Documents/UC/4/repo/Basys3_Breakout_Game/task_05/task_05.srcs/sources_1/bd/design_1/ip/design_1_dlmb_v10_0/design_1_dlmb_v10_0/design_1_ilmb_v10_0_in_context.xdc] for cell 'design_1_i/microblaze_0_local_memory/dlmb_v10'
Parsing XDC File [c:/Users/LIO/Documents/UC/4/repo/Basys3_Breakout_Game/task_05/task_05.srcs/sources_1/bd/design_1/ip/design_1_ilmb_v10_0/design_1_ilmb_v10_0/design_1_ilmb_v10_0_in_context.xdc] for cell 'design_1_i/microblaze_0_local_memory/ilmb_v10'
Finished Parsing XDC File [c:/Users/LIO/Documents/UC/4/repo/Basys3_Breakout_Game/task_05/task_05.srcs/sources_1/bd/design_1/ip/design_1_ilmb_v10_0/design_1_ilmb_v10_0/design_1_ilmb_v10_0_in_context.xdc] for cell 'design_1_i/microblaze_0_local_memory/ilmb_v10'
Parsing XDC File [c:/Users/LIO/Documents/UC/4/repo/Basys3_Breakout_Game/task_05/task_05.srcs/sources_1/bd/design_1/ip/design_1_dlmb_bram_if_cntlr_0/design_1_dlmb_bram_if_cntlr_0/design_1_dlmb_bram_if_cntlr_0_in_context.xdc] for cell 'design_1_i/microblaze_0_local_memory/dlmb_bram_if_cntlr'
Finished Parsing XDC File [c:/Users/LIO/Documents/UC/4/repo/Basys3_Breakout_Game/task_05/task_05.srcs/sources_1/bd/design_1/ip/design_1_dlmb_bram_if_cntlr_0/design_1_dlmb_bram_if_cntlr_0/design_1_dlmb_bram_if_cntlr_0_in_context.xdc] for cell 'design_1_i/microblaze_0_local_memory/dlmb_bram_if_cntlr'
Parsing XDC File [c:/Users/LIO/Documents/UC/4/repo/Basys3_Breakout_Game/task_05/task_05.srcs/sources_1/bd/design_1/ip/design_1_ilmb_bram_if_cntlr_0/design_1_ilmb_bram_if_cntlr_0/design_1_ilmb_bram_if_cntlr_0_in_context.xdc] for cell 'design_1_i/microblaze_0_local_memory/ilmb_bram_if_cntlr'
Finished Parsing XDC File [c:/Users/LIO/Documents/UC/4/repo/Basys3_Breakout_Game/task_05/task_05.srcs/sources_1/bd/design_1/ip/design_1_ilmb_bram_if_cntlr_0/design_1_ilmb_bram_if_cntlr_0/design_1_ilmb_bram_if_cntlr_0_in_context.xdc] for cell 'design_1_i/microblaze_0_local_memory/ilmb_bram_if_cntlr'
Parsing XDC File [c:/Users/LIO/Documents/UC/4/repo/Basys3_Breakout_Game/task_05/task_05.srcs/sources_1/bd/design_1/ip/design_1_lmb_bram_0/design_1_lmb_bram_0/design_1_lmb_bram_0_in_context.xdc] for cell 'design_1_i/microblaze_0_local_memory/lmb_bram'
Finished Parsing XDC File [c:/Users/LIO/Documents/UC/4/repo/Basys3_Breakout_Game/task_05/task_05.srcs/sources_1/bd/design_1/ip/design_1_lmb_bram_0/design_1_lmb_bram_0/design_1_lmb_bram_0_in_context.xdc] for cell 'design_1_i/microblaze_0_local_memory/lmb_bram'
Parsing XDC File [c:/Users/LIO/Documents/UC/4/repo/Basys3_Breakout_Game/task_05/task_05.srcs/sources_1/bd/design_1/ip/design_1_xbar_0/design_1_xbar_0/design_1_xbar_0_in_context.xdc] for cell 'design_1_i/microblaze_0_axi_periph/xbar'
Finished Parsing XDC File [c:/Users/LIO/Documents/UC/4/repo/Basys3_Breakout_Game/task_05/task_05.srcs/sources_1/bd/design_1/ip/design_1_xbar_0/design_1_xbar_0/design_1_xbar_0_in_context.xdc] for cell 'design_1_i/microblaze_0_axi_periph/xbar'
Parsing XDC File [c:/Users/LIO/Documents/UC/4/repo/Basys3_Breakout_Game/task_05/task_05.srcs/sources_1/bd/design_1/ip/design_1_mdm_1_0/design_1_mdm_1_0/design_1_mdm_1_0_in_context.xdc] for cell 'design_1_i/mdm_1'
Finished Parsing XDC File [c:/Users/LIO/Documents/UC/4/repo/Basys3_Breakout_Game/task_05/task_05.srcs/sources_1/bd/design_1/ip/design_1_mdm_1_0/design_1_mdm_1_0/design_1_mdm_1_0_in_context.xdc] for cell 'design_1_i/mdm_1'
Parsing XDC File [c:/Users/LIO/Documents/UC/4/repo/Basys3_Breakout_Game/task_05/task_05.srcs/sources_1/bd/design_1/ip/design_1_rst_Clk_100M_0/design_1_rst_Clk_100M_0/design_1_rst_Clk_100M_0_in_context.xdc] for cell 'design_1_i/rst_Clk_100M'
Finished Parsing XDC File [c:/Users/LIO/Documents/UC/4/repo/Basys3_Breakout_Game/task_05/task_05.srcs/sources_1/bd/design_1/ip/design_1_rst_Clk_100M_0/design_1_rst_Clk_100M_0/design_1_rst_Clk_100M_0_in_context.xdc] for cell 'design_1_i/rst_Clk_100M'
Parsing XDC File [c:/Users/LIO/Documents/UC/4/repo/Basys3_Breakout_Game/task_05/task_05.srcs/sources_1/bd/design_1/ip/design_1_axi_intc_0_0/design_1_axi_intc_0_0/design_1_axi_intc_0_0_in_context.xdc] for cell 'design_1_i/axi_intc_0'
Finished Parsing XDC File [c:/Users/LIO/Documents/UC/4/repo/Basys3_Breakout_Game/task_05/task_05.srcs/sources_1/bd/design_1/ip/design_1_axi_intc_0_0/design_1_axi_intc_0_0/design_1_axi_intc_0_0_in_context.xdc] for cell 'design_1_i/axi_intc_0'
Parsing XDC File [c:/Users/LIO/Documents/UC/4/repo/Basys3_Breakout_Game/task_05/task_05.srcs/sources_1/bd/design_1/ip/design_1_task_07_0_0/design_1_task_07_0_0/design_1_task_07_0_0_in_context.xdc] for cell 'design_1_i/task_07_0'
Finished Parsing XDC File [c:/Users/LIO/Documents/UC/4/repo/Basys3_Breakout_Game/task_05/task_05.srcs/sources_1/bd/design_1/ip/design_1_task_07_0_0/design_1_task_07_0_0/design_1_task_07_0_0_in_context.xdc] for cell 'design_1_i/task_07_0'
Parsing XDC File [c:/Users/LIO/Documents/UC/4/repo/Basys3_Breakout_Game/task_05/task_05.srcs/sources_1/bd/design_1/ip/design_1_vga_control_0_0/design_1_vga_control_0_0/design_1_vga_control_0_0_in_context.xdc] for cell 'design_1_i/vga_control_0'
Finished Parsing XDC File [c:/Users/LIO/Documents/UC/4/repo/Basys3_Breakout_Game/task_05/task_05.srcs/sources_1/bd/design_1/ip/design_1_vga_control_0_0/design_1_vga_control_0_0/design_1_vga_control_0_0_in_context.xdc] for cell 'design_1_i/vga_control_0'
Parsing XDC File [C:/Users/LIO/Documents/UC/4/repo/Basys3_Breakout_Game/task_05/task_05.srcs/constrs_1/new/pin.xdc]
Finished Parsing XDC File [C:/Users/LIO/Documents/UC/4/repo/Basys3_Breakout_Game/task_05/task_05.srcs/constrs_1/new/pin.xdc]
INFO: [Project 1-236] Implementation specific constraints were found while reading constraint file [C:/Users/LIO/Documents/UC/4/repo/Basys3_Breakout_Game/task_05/task_05.srcs/constrs_1/new/pin.xdc]. These constraints will be ignored for synthesis but will be used in implementation. Impacted constraints are listed in the file [.Xil/design_1_wrapper_propImpl.xdc].
Resolution: To avoid this warning, move constraints listed in [.Xil/design_1_wrapper_propImpl.xdc] to another XDC file and exclude this new file from synthesis with the used_in_synthesis property (File Properties dialog in GUI) and re-run elaboration/synthesis.
Parsing XDC File [C:/Users/LIO/Documents/UC/4/repo/Basys3_Breakout_Game/task_05/task_05.runs/synth_1/dont_touch.xdc]
Finished Parsing XDC File [C:/Users/LIO/Documents/UC/4/repo/Basys3_Breakout_Game/task_05/task_05.runs/synth_1/dont_touch.xdc]
Netlist sorting complete. Time (s): cpu = 00:00:00 ; elapsed = 00:00:00.001 . Memory (MB): peak = 756.953 ; gain = 0.000
Completed Processing XDC Constraints

Netlist sorting complete. Time (s): cpu = 00:00:00 ; elapsed = 00:00:00 . Memory (MB): peak = 756.953 ; gain = 0.000
INFO: [Project 1-111] Unisim Transformation Summary:
No Unisim elements were transformed.

Netlist sorting complete. Time (s): cpu = 00:00:00 ; elapsed = 00:00:00.001 . Memory (MB): peak = 756.953 ; gain = 0.000
Constraint Validation Runtime : Time (s): cpu = 00:00:00 ; elapsed = 00:00:00.012 . Memory (MB): peak = 756.953 ; gain = 0.000
WARNING: [Timing 38-316] Clock period '20.000' specified during out-of-context synthesis of instance 'design_1_i/microblaze_0_local_memory/lmb_bram' at clock pin 'clka' is different from the actual clock period '10.000', this can lead to different synthesis results.
---------------------------------------------------------------------------------
Finished Constraint Validation : Time (s): cpu = 00:00:13 ; elapsed = 00:00:20 . Memory (MB): peak = 756.953 ; gain = 457.656
---------------------------------------------------------------------------------
---------------------------------------------------------------------------------
Start Loading Part and Timing Information
---------------------------------------------------------------------------------
Loading part: xc7a35tcpg236-1
---------------------------------------------------------------------------------
Finished Loading Part and Timing Information : Time (s): cpu = 00:00:13 ; elapsed = 00:00:21 . Memory (MB): peak = 756.953 ; gain = 457.656
---------------------------------------------------------------------------------
---------------------------------------------------------------------------------
Start Applying 'set_property' XDC Constraints
---------------------------------------------------------------------------------
Applied set_property DONT_TOUCH = true for design_1_i. (constraint file  auto generated constraint, line ).
Applied set_property DONT_TOUCH = true for design_1_i/microblaze_0. (constraint file  auto generated constraint, line ).
Applied set_property DONT_TOUCH = true for design_1_i/axi_gpio_0. (constraint file  auto generated constraint, line ).
Applied set_property DONT_TOUCH = true for design_1_i/axi_gpio_1. (constraint file  auto generated constraint, line ).
Applied set_property DONT_TOUCH = true for design_1_i/axi_timer_0. (constraint file  auto generated constraint, line ).
Applied set_property DONT_TOUCH = true for design_1_i/microblaze_0_local_memory/dlmb_v10. (constraint file  auto generated constraint, line ).
Applied set_property DONT_TOUCH = true for design_1_i/microblaze_0_local_memory/ilmb_v10. (constraint file  auto generated constraint, line ).
Applied set_property DONT_TOUCH = true for design_1_i/microblaze_0_local_memory/dlmb_bram_if_cntlr. (constraint file  auto generated constraint, line ).
Applied set_property DONT_TOUCH = true for design_1_i/microblaze_0_local_memory/ilmb_bram_if_cntlr. (constraint file  auto generated constraint, line ).
Applied set_property DONT_TOUCH = true for design_1_i/microblaze_0_local_memory/lmb_bram. (constraint file  auto generated constraint, line ).
Applied set_property DONT_TOUCH = true for design_1_i/microblaze_0_axi_periph/xbar. (constraint file  auto generated constraint, line ).
Applied set_property DONT_TOUCH = true for design_1_i/microblaze_0_axi_periph. (constraint file  auto generated constraint, line ).
Applied set_property DONT_TOUCH = true for design_1_i/mdm_1. (constraint file  auto generated constraint, line ).
Applied set_property DONT_TOUCH = true for design_1_i/rst_Clk_100M. (constraint file  auto generated constraint, line ).
Applied set_property DONT_TOUCH = true for design_1_i/axi_intc_0. (constraint file  auto generated constraint, line ).
Applied set_property DONT_TOUCH = true for design_1_i/task_07_0. (constraint file  auto generated constraint, line ).
Applied set_property DONT_TOUCH = true for design_1_i/vga_control_0. (constraint file  auto generated constraint, line ).
---------------------------------------------------------------------------------
Finished applying 'set_property' XDC Constraints : Time (s): cpu = 00:00:13 ; elapsed = 00:00:21 . Memory (MB): peak = 756.953 ; gain = 457.656
---------------------------------------------------------------------------------
---------------------------------------------------------------------------------
Finished RTL Optimization Phase 2 : Time (s): cpu = 00:00:13 ; elapsed = 00:00:21 . Memory (MB): peak = 756.953 ; gain = 457.656
---------------------------------------------------------------------------------

Report RTL Partitions: 
+-+--------------+------------+----------+
| |RTL Partition |Replication |Instances |
+-+--------------+------------+----------+
+-+--------------+------------+----------+
---------------------------------------------------------------------------------
Start RTL Component Statistics 
---------------------------------------------------------------------------------
Detailed RTL Component Info : 
---------------------------------------------------------------------------------
Finished RTL Component Statistics 
---------------------------------------------------------------------------------
---------------------------------------------------------------------------------
Start RTL Hierarchical Component Statistics 
---------------------------------------------------------------------------------
Hierarchical RTL Component report 
---------------------------------------------------------------------------------
Finished RTL Hierarchical Component Statistics
---------------------------------------------------------------------------------
---------------------------------------------------------------------------------
Start Part Resource Summary
---------------------------------------------------------------------------------
Part Resources:
DSPs: 90 (col length:60)
BRAMs: 100 (col length: RAMB18 60 RAMB36 30)
---------------------------------------------------------------------------------
Finished Part Resource Summary
---------------------------------------------------------------------------------
---------------------------------------------------------------------------------
Start Cross Boundary and Area Optimization
---------------------------------------------------------------------------------
Warning: Parallel synthesis criteria is not met 
WARNING: [Synth 8-3331] design design_1_microblaze_0_axi_periph_0 has unconnected port M00_ACLK
WARNING: [Synth 8-3331] design design_1_microblaze_0_axi_periph_0 has unconnected port M00_ARESETN
WARNING: [Synth 8-3331] design design_1_microblaze_0_axi_periph_0 has unconnected port M01_ACLK
WARNING: [Synth 8-3331] design design_1_microblaze_0_axi_periph_0 has unconnected port M01_ARESETN
WARNING: [Synth 8-3331] design design_1_microblaze_0_axi_periph_0 has unconnected port M02_ACLK
WARNING: [Synth 8-3331] design design_1_microblaze_0_axi_periph_0 has unconnected port M02_ARESETN
WARNING: [Synth 8-3331] design design_1_microblaze_0_axi_periph_0 has unconnected port M03_ACLK
WARNING: [Synth 8-3331] design design_1_microblaze_0_axi_periph_0 has unconnected port M03_ARESETN
WARNING: [Synth 8-3331] design design_1_microblaze_0_axi_periph_0 has unconnected port M04_ACLK
WARNING: [Synth 8-3331] design design_1_microblaze_0_axi_periph_0 has unconnected port M04_ARESETN
WARNING: [Synth 8-3331] design design_1_microblaze_0_axi_periph_0 has unconnected port M05_ACLK
WARNING: [Synth 8-3331] design design_1_microblaze_0_axi_periph_0 has unconnected port M05_ARESETN
WARNING: [Synth 8-3331] design design_1_microblaze_0_axi_periph_0 has unconnected port M06_ACLK
WARNING: [Synth 8-3331] design design_1_microblaze_0_axi_periph_0 has unconnected port M06_ARESETN
WARNING: [Synth 8-3331] design design_1_microblaze_0_axi_periph_0 has unconnected port S00_ACLK
WARNING: [Synth 8-3331] design design_1_microblaze_0_axi_periph_0 has unconnected port S00_ARESETN
---------------------------------------------------------------------------------
Finished Cross Boundary and Area Optimization : Time (s): cpu = 00:00:14 ; elapsed = 00:00:22 . Memory (MB): peak = 756.953 ; gain = 457.656
---------------------------------------------------------------------------------

Report RTL Partitions: 
+-+--------------+------------+----------+
| |RTL Partition |Replication |Instances |
+-+--------------+------------+----------+
+-+--------------+------------+----------+
---------------------------------------------------------------------------------
Start Applying XDC Timing Constraints
---------------------------------------------------------------------------------
INFO: [Synth 8-5578] Moved timing constraint from pin 'design_1_i/microblaze_0_local_memory/dlmb_bram_if_cntlr/BRAM_Clk_A' to pin 'design_1_i/microblaze_0_local_memory/dlmb_bram_if_cntlr/bbstub_BRAM_Clk_A/O'
INFO: [Synth 8-5578] Moved timing constraint from pin 'design_1_i/microblaze_0_local_memory/ilmb_bram_if_cntlr/BRAM_Clk_A' to pin 'design_1_i/microblaze_0_local_memory/ilmb_bram_if_cntlr/bbstub_BRAM_Clk_A/O'
INFO: [Synth 8-5578] Moved timing constraint from pin 'design_1_i/mdm_1/Dbg_Clk_0' to pin 'design_1_i/mdm_1/bbstub_Dbg_Clk_0/O'
INFO: [Synth 8-5578] Moved timing constraint from pin 'design_1_i/mdm_1/Dbg_Update_0' to pin 'design_1_i/mdm_1/bbstub_Dbg_Update_0/O'
INFO: [Synth 8-5819] Moved 4 constraints on hierarchical pins to their respective driving/loading pins
---------------------------------------------------------------------------------
Finished Applying XDC Timing Constraints : Time (s): cpu = 00:00:24 ; elapsed = 00:00:34 . Memory (MB): peak = 761.840 ; gain = 462.543
---------------------------------------------------------------------------------
---------------------------------------------------------------------------------
Start Timing Optimization
---------------------------------------------------------------------------------
---------------------------------------------------------------------------------
Finished Timing Optimization : Time (s): cpu = 00:00:24 ; elapsed = 00:00:35 . Memory (MB): peak = 761.988 ; gain = 462.691
---------------------------------------------------------------------------------

Report RTL Partitions: 
+-+--------------+------------+----------+
| |RTL Partition |Replication |Instances |
+-+--------------+------------+----------+
+-+--------------+------------+----------+
---------------------------------------------------------------------------------
Start Technology Mapping
---------------------------------------------------------------------------------
---------------------------------------------------------------------------------
Finished Technology Mapping : Time (s): cpu = 00:00:24 ; elapsed = 00:00:35 . Memory (MB): peak = 772.160 ; gain = 472.863
---------------------------------------------------------------------------------

Report RTL Partitions: 
+-+--------------+------------+----------+
| |RTL Partition |Replication |Instances |
+-+--------------+------------+----------+
+-+--------------+------------+----------+
---------------------------------------------------------------------------------
Start IO Insertion
---------------------------------------------------------------------------------
---------------------------------------------------------------------------------
Start Flattening Before IO Insertion
---------------------------------------------------------------------------------
---------------------------------------------------------------------------------
Finished Flattening Before IO Insertion
---------------------------------------------------------------------------------
---------------------------------------------------------------------------------
Start Final Netlist Cleanup
---------------------------------------------------------------------------------
---------------------------------------------------------------------------------
Finished Final Netlist Cleanup
---------------------------------------------------------------------------------
---------------------------------------------------------------------------------
Finished IO Insertion : Time (s): cpu = 00:00:25 ; elapsed = 00:00:36 . Memory (MB): peak = 772.160 ; gain = 472.863
---------------------------------------------------------------------------------

Report Check Netlist: 
+------+------------------+-------+---------+-------+------------------+
|      |Item              |Errors |Warnings |Status |Description       |
+------+------------------+-------+---------+-------+------------------+
|1     |multi_driven_nets |      0|        0|Passed |Multi driven nets |
+------+------------------+-------+---------+-------+------------------+
---------------------------------------------------------------------------------
Start Renaming Generated Instances
---------------------------------------------------------------------------------
---------------------------------------------------------------------------------
Finished Renaming Generated Instances : Time (s): cpu = 00:00:25 ; elapsed = 00:00:36 . Memory (MB): peak = 772.160 ; gain = 472.863
---------------------------------------------------------------------------------

Report RTL Partitions: 
+-+--------------+------------+----------+
| |RTL Partition |Replication |Instances |
+-+--------------+------------+----------+
+-+--------------+------------+----------+
---------------------------------------------------------------------------------
Start Rebuilding User Hierarchy
---------------------------------------------------------------------------------
---------------------------------------------------------------------------------
Finished Rebuilding User Hierarchy : Time (s): cpu = 00:00:25 ; elapsed = 00:00:36 . Memory (MB): peak = 772.160 ; gain = 472.863
---------------------------------------------------------------------------------
---------------------------------------------------------------------------------
Start Renaming Generated Ports
---------------------------------------------------------------------------------
---------------------------------------------------------------------------------
Finished Renaming Generated Ports : Time (s): cpu = 00:00:25 ; elapsed = 00:00:36 . Memory (MB): peak = 772.160 ; gain = 472.863
---------------------------------------------------------------------------------
---------------------------------------------------------------------------------
Start Handling Custom Attributes
---------------------------------------------------------------------------------
---------------------------------------------------------------------------------
Finished Handling Custom Attributes : Time (s): cpu = 00:00:25 ; elapsed = 00:00:36 . Memory (MB): peak = 772.160 ; gain = 472.863
---------------------------------------------------------------------------------
---------------------------------------------------------------------------------
Start Renaming Generated Nets
---------------------------------------------------------------------------------
---------------------------------------------------------------------------------
Finished Renaming Generated Nets : Time (s): cpu = 00:00:25 ; elapsed = 00:00:36 . Memory (MB): peak = 772.160 ; gain = 472.863
---------------------------------------------------------------------------------
---------------------------------------------------------------------------------
Start Writing Synthesis Report
---------------------------------------------------------------------------------

Report BlackBoxes: 
+------+------------------------------+----------+
|      |BlackBox name                 |Instances |
+------+------------------------------+----------+
|1     |design_1_xbar_0               |         1|
|2     |design_1_axi_gpio_0_0         |         1|
|3     |design_1_axi_gpio_0_1         |         1|
|4     |design_1_axi_intc_0_0         |         1|
|5     |design_1_axi_timer_0_0        |         1|
|6     |design_1_mdm_1_0              |         1|
|7     |design_1_microblaze_0_0       |         1|
|8     |design_1_rst_Clk_100M_0       |         1|
|9     |design_1_task_07_0_0          |         1|
|10    |design_1_vga_control_0_0      |         1|
|11    |design_1_dlmb_bram_if_cntlr_0 |         1|
|12    |design_1_dlmb_v10_0           |         1|
|13    |design_1_ilmb_bram_if_cntlr_0 |         1|
|14    |design_1_ilmb_v10_0           |         1|
|15    |design_1_lmb_bram_0           |         1|
+------+------------------------------+----------+

Report Cell Usage: 
+------+-------------------------------------+------+
|      |Cell                                 |Count |
+------+-------------------------------------+------+
|1     |design_1_axi_gpio_0_0_bbox_0         |     1|
|2     |design_1_axi_gpio_0_1_bbox_1         |     1|
|3     |design_1_axi_intc_0_0_bbox_2         |     1|
|4     |design_1_axi_timer_0_0_bbox_3        |     1|
|5     |design_1_dlmb_bram_if_cntlr_0_bbox_7 |     1|
|6     |design_1_dlmb_v10_0_bbox_8           |     1|
|7     |design_1_ilmb_bram_if_cntlr_0_bbox_9 |     1|
|8     |design_1_ilmb_v10_0_bbox_10          |     1|
|9     |design_1_lmb_bram_0_bbox_11          |     1|
|10    |design_1_mdm_1_0_bbox_4              |     1|
|11    |design_1_microblaze_0_0_bbox_5       |     1|
|12    |design_1_rst_Clk_100M_0_bbox_12      |     1|
|13    |design_1_task_07_0_0_bbox_13         |     1|
|14    |design_1_vga_control_0_0_bbox_14     |     1|
|15    |design_1_xbar_0_bbox_6               |     1|
|16    |IBUF                                 |    26|
|17    |OBUF                                 |    34|
+------+-------------------------------------+------+

Report Instance Areas: 
+------+------------------------------+--------------------------------------+------+
|      |Instance                      |Module                                |Cells |
+------+------------------------------+--------------------------------------+------+
|1     |top                           |                                      |  1941|
|2     |  design_1_i                  |design_1                              |  1881|
|3     |    microblaze_0_axi_periph   |design_1_microblaze_0_axi_periph_0    |   818|
|4     |    microblaze_0_local_memory |microblaze_0_local_memory_imp_1K0VQXK |   496|
+------+------------------------------+--------------------------------------+------+
---------------------------------------------------------------------------------
Finished Writing Synthesis Report : Time (s): cpu = 00:00:25 ; elapsed = 00:00:36 . Memory (MB): peak = 772.160 ; gain = 472.863
---------------------------------------------------------------------------------
Synthesis finished with 0 errors, 0 critical warnings and 16 warnings.
Synthesis Optimization Runtime : Time (s): cpu = 00:00:15 ; elapsed = 00:00:26 . Memory (MB): peak = 772.160 ; gain = 178.586
Synthesis Optimization Complete : Time (s): cpu = 00:00:25 ; elapsed = 00:00:36 . Memory (MB): peak = 772.160 ; gain = 472.863
INFO: [Project 1-571] Translating synthesized netlist
INFO: [Project 1-570] Preparing netlist for logic optimization
INFO: [Opt 31-138] Pushed 0 inverter(s) to 0 load pin(s).
Netlist sorting complete. Time (s): cpu = 00:00:00 ; elapsed = 00:00:00.001 . Memory (MB): peak = 781.445 ; gain = 0.000
INFO: [Project 1-111] Unisim Transformation Summary:
No Unisim elements were transformed.

INFO: [Common 17-83] Releasing license: Synthesis
74 Infos, 65 Warnings, 0 Critical Warnings and 0 Errors encountered.
synth_design completed successfully
synth_design: Time (s): cpu = 00:00:27 ; elapsed = 00:00:39 . Memory (MB): peak = 781.492 ; gain = 487.121
Netlist sorting complete. Time (s): cpu = 00:00:00 ; elapsed = 00:00:00 . Memory (MB): peak = 781.492 ; gain = 0.000
WARNING: [Constraints 18-5210] No constraints selected for write.
Resolution: This message can indicate that there are no constraints for the design, or it can indicate that the used_in flags are set such that the constraints are ignored. This later case is used when running synth_design to not write synthesis constraints to the resulting checkpoint. Instead, project constraints are read when the synthesized design is opened.
INFO: [Common 17-1381] The checkpoint 'C:/Users/LIO/Documents/UC/4/repo/Basys3_Breakout_Game/task_05/task_05.runs/synth_1/design_1_wrapper.dcp' has been generated.
INFO: [runtcl-4] Executing : report_utilization -file design_1_wrapper_utilization_synth.rpt -pb design_1_wrapper_utilization_synth.pb
INFO: [Common 17-206] Exiting Vivado at Wed Jan  3 12:58:59 2024...
