#-----------------------------------------------------------
# Webtalk v2018.3 (64-bit)
# SW Build 2405991 on Thu Dec  6 23:38:27 MST 2018
# 
# Start of session at: Wed Nov 29 11:08:46 2023
# Process ID: 9020
# Current directory: C:/Users/LIO/Documents/UC/4/Embebidos/task_05/task_05.sdk/webtalk
# Command line: wbtcv.exe -mode batch -source sdk_webtalk.tcl
# Log file: C:/Users/LIO/Documents/UC/4/Embebidos/task_05/task_05.sdk/webtalk/webtalk.log
# Journal file: C:/Users/LIO/Documents/UC/4/Embebidos/task_05/task_05.sdk/webtalk\webtalk.jou
#-----------------------------------------------------------
source sdk_webtalk.tcl
# webtalk_init -webtalk_dir C:\\Users\\LIO\\Documents\\UC\\4\\Embebidos\\task_05\\task_05.sdk\\webtalk
# webtalk_register_client -client project
# webtalk_add_data -client project -key date_generated -value "2023-11-29 11:08:45" -context "software_version_and_target_device"
# webtalk_add_data -client project -key product_version -value "SDK v2018.3" -context "software_version_and_target_device"
# webtalk_add_data -client project -key build_version -value "2018.3" -context "software_version_and_target_device"
# webtalk_add_data -client project -key os_platform -value "amd64" -context "software_version_and_target_device"
# webtalk_add_data -client project -key registration_id -value "" -context "software_version_and_target_device"
# webtalk_add_data -client project -key tool_flow -value "SDK" -context "software_version_and_target_device"
# webtalk_add_data -client project -key beta -value "false" -context "software_version_and_target_device"
# webtalk_add_data -client project -key route_design -value "NA" -context "software_version_and_target_device"
# webtalk_add_data -client project -key target_family -value "NA" -context "software_version_and_target_device"
# webtalk_add_data -client project -key target_device -value "NA" -context "software_version_and_target_device"
# webtalk_add_data -client project -key target_package -value "NA" -context "software_version_and_target_device"
# webtalk_add_data -client project -key target_speed -value "NA" -context "software_version_and_target_device"
# webtalk_add_data -client project -key random_id -value "10e6msgs2timb7023tbdvtf926" -context "software_version_and_target_device"
# webtalk_add_data -client project -key project_id -value "2018.3_4" -context "software_version_and_target_device"
# webtalk_add_data -client project -key project_iteration -value "4" -context "software_version_and_target_device"
# webtalk_add_data -client project -key os_name -value "Microsoft Windows 8 or later , 64-bit" -context "user_environment"
# webtalk_add_data -client project -key os_release -value "major release  (build 9200)" -context "user_environment"
# webtalk_add_data -client project -key cpu_name -value "AMD Ryzen 7 7730U with Radeon Graphics         " -context "user_environment"
# webtalk_add_data -client project -key cpu_speed -value "1996 MHz" -context "user_environment"
# webtalk_add_data -client project -key total_processors -value "1" -context "user_environment"
# webtalk_add_data -client project -key system_ram -value "15.920 GB" -context "user_environment"
# webtalk_register_client -client sdk
# webtalk_add_data -client sdk -key uid -value "1701249653649" -context "sdk\\\\bsp/1701249653649"
# webtalk_add_data -client sdk -key hwid -value "1699453221967" -context "sdk\\\\bsp/1701249653649"
# webtalk_add_data -client sdk -key os -value "standalone" -context "sdk\\\\bsp/1701249653649"
# webtalk_add_data -client sdk -key apptemplate -value "empty_application" -context "sdk\\\\bsp/1701249653649"
# webtalk_add_data -client sdk -key RecordType -value "BSPCreation" -context "sdk\\\\bsp/1701249653649"
# webtalk_add_data -client sdk -key uid -value "1701249655237" -context "sdk\\\\application/1701249655237"
# webtalk_add_data -client sdk -key hwid -value "1699453221967" -context "sdk\\\\application/1701249655237"
# webtalk_add_data -client sdk -key bspid -value "1701249653649" -context "sdk\\\\application/1701249655237"
# webtalk_add_data -client sdk -key newbsp -value "true" -context "sdk\\\\application/1701249655237"
# webtalk_add_data -client sdk -key os -value "standalone" -context "sdk\\\\application/1701249655237"
# webtalk_add_data -client sdk -key apptemplate -value "empty_application" -context "sdk\\\\application/1701249655237"
# webtalk_add_data -client sdk -key RecordType -value "APPCreation" -context "sdk\\\\application/1701249655237"
# webtalk_add_data -client sdk -key LangUsed -value "C" -context "sdk\\\\application/1701249655237"
# webtalk_add_data -client sdk -key Procused -value "microblaze" -context "sdk\\\\application/1701249655237"
# webtalk_add_data -client sdk -key uid -value "1701249687281" -context "sdk\\\\bsp/1701249687281"
# webtalk_add_data -client sdk -key hwid -value "1701246765666" -context "sdk\\\\bsp/1701249687281"
# webtalk_add_data -client sdk -key os -value "standalone" -context "sdk\\\\bsp/1701249687281"
# webtalk_add_data -client sdk -key apptemplate -value "empty_application" -context "sdk\\\\bsp/1701249687281"
# webtalk_add_data -client sdk -key RecordType -value "BSPCreation" -context "sdk\\\\bsp/1701249687281"
# webtalk_add_data -client sdk -key uid -value "1701249688426" -context "sdk\\\\application/1701249688426"
# webtalk_add_data -client sdk -key hwid -value "1701246765666" -context "sdk\\\\application/1701249688426"
# webtalk_add_data -client sdk -key bspid -value "1701249687281" -context "sdk\\\\application/1701249688426"
# webtalk_add_data -client sdk -key newbsp -value "true" -context "sdk\\\\application/1701249688426"
# webtalk_add_data -client sdk -key os -value "standalone" -context "sdk\\\\application/1701249688426"
# webtalk_add_data -client sdk -key apptemplate -value "empty_application" -context "sdk\\\\application/1701249688426"
# webtalk_add_data -client sdk -key RecordType -value "APPCreation" -context "sdk\\\\application/1701249688426"
# webtalk_add_data -client sdk -key LangUsed -value "C" -context "sdk\\\\application/1701249688426"
# webtalk_add_data -client sdk -key Procused -value "microblaze" -context "sdk\\\\application/1701249688426"
# webtalk_add_data -client sdk -key projSize -value "72.828125" -context "sdk\\\\application/1701249688426"
# webtalk_add_data -client sdk -key uid -value "1701249767569" -context "sdk\\\\bsp/1701249767569"
# webtalk_add_data -client sdk -key hwid -value "1701246765666" -context "sdk\\\\bsp/1701249767569"
# webtalk_add_data -client sdk -key os -value "standalone" -context "sdk\\\\bsp/1701249767569"
# webtalk_add_data -client sdk -key apptemplate -value "empty_application" -context "sdk\\\\bsp/1701249767569"
# webtalk_add_data -client sdk -key RecordType -value "BSPCreation" -context "sdk\\\\bsp/1701249767569"
# webtalk_add_data -client sdk -key uid -value "1701249768661" -context "sdk\\\\application/1701249768661"
# webtalk_add_data -client sdk -key hwid -value "1701246765666" -context "sdk\\\\application/1701249768661"
# webtalk_add_data -client sdk -key bspid -value "1701249767569" -context "sdk\\\\application/1701249768661"
# webtalk_add_data -client sdk -key newbsp -value "true" -context "sdk\\\\application/1701249768661"
# webtalk_add_data -client sdk -key os -value "standalone" -context "sdk\\\\application/1701249768661"
# webtalk_add_data -client sdk -key apptemplate -value "empty_application" -context "sdk\\\\application/1701249768661"
# webtalk_add_data -client sdk -key RecordType -value "APPCreation" -context "sdk\\\\application/1701249768661"
# webtalk_add_data -client sdk -key LangUsed -value "C" -context "sdk\\\\application/1701249768661"
# webtalk_add_data -client sdk -key Procused -value "microblaze" -context "sdk\\\\application/1701249768661"
# webtalk_add_data -client sdk -key projSize -value "80.37890625" -context "sdk\\\\application/1701249768661"
# webtalk_add_data -client sdk -key uid -value "NA" -context "sdk\\\\bsp/1701252525607"
# webtalk_add_data -client sdk -key RecordType -value "ToolUsage" -context "sdk\\\\bsp/1701252525607"
# webtalk_add_data -client sdk -key BootgenCount -value "0" -context "sdk\\\\bsp/1701252525607"
# webtalk_add_data -client sdk -key DebugCount -value "8" -context "sdk\\\\bsp/1701252525607"
# webtalk_add_data -client sdk -key PerfCount -value "0" -context "sdk\\\\bsp/1701252525607"
# webtalk_add_data -client sdk -key FlashCount -value "0" -context "sdk\\\\bsp/1701252525607"
# webtalk_add_data -client sdk -key CrossTriggCount -value "0" -context "sdk\\\\bsp/1701252525607"
# webtalk_add_data -client sdk -key QemuDebugCount -value "0" -context "sdk\\\\bsp/1701252525607"
# webtalk_transmit -clientid 1986184882 -regid "" -xml C:\\Users\\LIO\\Documents\\UC\\4\\Embebidos\\task_05\\task_05.sdk\\webtalk\\usage_statistics_ext_sdk.xml -html C:\\Users\\LIO\\Documents\\UC\\4\\Embebidos\\task_05\\task_05.sdk\\webtalk\\usage_statistics_ext_sdk.html -wdm C:\\Users\\LIO\\Documents\\UC\\4\\Embebidos\\task_05\\task_05.sdk\\webtalk\\sdk_webtalk.wdm -intro "<H3>SDK Usage Report</H3><BR>"
# webtalk_terminate
INFO: [Common 17-206] Exiting Webtalk at Wed Nov 29 11:08:48 2023...
