#-----------------------------------------------------------
# Webtalk v2018.3 (64-bit)
# SW Build 2405991 on Thu Dec  6 23:38:27 MST 2018
# 
# Start of session at: Wed Nov 29 11:39:00 2023
# Process ID: 12716
# Current directory: C:/Users/LIO/Documents/UC/4/Embebidos/task_05/task_05.sdk/webtalk
# Command line: wbtcv.exe -mode batch -source sdk_webtalk.tcl
# Log file: C:/Users/LIO/Documents/UC/4/Embebidos/task_05/task_05.sdk/webtalk/webtalk.log
# Journal file: C:/Users/LIO/Documents/UC/4/Embebidos/task_05/task_05.sdk/webtalk\webtalk.jou
#-----------------------------------------------------------
source sdk_webtalk.tcl
# webtalk_init -webtalk_dir C:\\Users\\LIO\\Documents\\UC\\4\\Embebidos\\task_05\\task_05.sdk\\webtalk
# webtalk_register_client -client project
# webtalk_add_data -client project -key date_generated -value "2023-11-29 11:38:59" -context "software_version_and_target_device"
# webtalk_add_data -client project -key product_version -value "SDK v2018.3" -context "software_version_and_target_device"
# webtalk_add_data -client project -key build_version -value "2018.3" -context "software_version_and_target_device"
# webtalk_add_data -client project -key os_platform -value "amd64" -context "software_version_and_target_device"
# webtalk_add_data -client project -key registration_id -value "" -context "software_version_and_target_device"
# webtalk_add_data -client project -key tool_flow -value "SDK" -context "software_version_and_target_device"
# webtalk_add_data -client project -key beta -value "false" -context "software_version_and_target_device"
# webtalk_add_data -client project -key route_design -value "NA" -context "software_version_and_target_device"
# webtalk_add_data -client project -key target_family -value "NA" -context "software_version_and_target_device"
# webtalk_add_data -client project -key target_device -value "NA" -context "software_version_and_target_device"
# webtalk_add_data -client project -key target_package -value "NA" -context "software_version_and_target_device"
# webtalk_add_data -client project -key target_speed -value "NA" -context "software_version_and_target_device"
# webtalk_add_data -client project -key random_id -value "4u0jevfduntqn4lc292csngjlt" -context "software_version_and_target_device"
# webtalk_add_data -client project -key project_id -value "2018.3_5" -context "software_version_and_target_device"
# webtalk_add_data -client project -key project_iteration -value "5" -context "software_version_and_target_device"
# webtalk_add_data -client project -key os_name -value "Microsoft Windows 8 or later , 64-bit" -context "user_environment"
# webtalk_add_data -client project -key os_release -value "major release  (build 9200)" -context "user_environment"
# webtalk_add_data -client project -key cpu_name -value "AMD Ryzen 7 7730U with Radeon Graphics         " -context "user_environment"
# webtalk_add_data -client project -key cpu_speed -value "1996 MHz" -context "user_environment"
# webtalk_add_data -client project -key total_processors -value "1" -context "user_environment"
# webtalk_add_data -client project -key system_ram -value "15.920 GB" -context "user_environment"
# webtalk_register_client -client sdk
# webtalk_add_data -client sdk -key uid -value "1701252973254" -context "sdk\\\\bsp/1701252973254"
# webtalk_add_data -client sdk -key hwid -value "1701246765666" -context "sdk\\\\bsp/1701252973254"
# webtalk_add_data -client sdk -key os -value "standalone" -context "sdk\\\\bsp/1701252973254"
# webtalk_add_data -client sdk -key apptemplate -value "empty_application" -context "sdk\\\\bsp/1701252973254"
# webtalk_add_data -client sdk -key RecordType -value "BSPCreation" -context "sdk\\\\bsp/1701252973254"
# webtalk_add_data -client sdk -key uid -value "1701252974795" -context "sdk\\\\application/1701252974795"
# webtalk_add_data -client sdk -key hwid -value "1701246765666" -context "sdk\\\\application/1701252974795"
# webtalk_add_data -client sdk -key bspid -value "1701252973254" -context "sdk\\\\application/1701252974795"
# webtalk_add_data -client sdk -key newbsp -value "true" -context "sdk\\\\application/1701252974795"
# webtalk_add_data -client sdk -key os -value "standalone" -context "sdk\\\\application/1701252974795"
# webtalk_add_data -client sdk -key apptemplate -value "empty_application" -context "sdk\\\\application/1701252974795"
# webtalk_add_data -client sdk -key RecordType -value "APPCreation" -context "sdk\\\\application/1701252974795"
# webtalk_add_data -client sdk -key LangUsed -value "C" -context "sdk\\\\application/1701252974795"
# webtalk_add_data -client sdk -key Procused -value "microblaze" -context "sdk\\\\application/1701252974795"
# webtalk_add_data -client sdk -key uid -value "1701253013376" -context "sdk\\\\bsp/1701253013376"
# webtalk_add_data -client sdk -key hwid -value "1701246765666" -context "sdk\\\\bsp/1701253013376"
# webtalk_add_data -client sdk -key os -value "standalone" -context "sdk\\\\bsp/1701253013376"
# webtalk_add_data -client sdk -key apptemplate -value "empty_application" -context "sdk\\\\bsp/1701253013376"
# webtalk_add_data -client sdk -key RecordType -value "BSPCreation" -context "sdk\\\\bsp/1701253013376"
# webtalk_add_data -client sdk -key uid -value "1701253014609" -context "sdk\\\\application/1701253014609"
# webtalk_add_data -client sdk -key hwid -value "1701246765666" -context "sdk\\\\application/1701253014609"
# webtalk_add_data -client sdk -key bspid -value "1701253013376" -context "sdk\\\\application/1701253014609"
# webtalk_add_data -client sdk -key newbsp -value "true" -context "sdk\\\\application/1701253014609"
# webtalk_add_data -client sdk -key os -value "standalone" -context "sdk\\\\application/1701253014609"
# webtalk_add_data -client sdk -key apptemplate -value "empty_application" -context "sdk\\\\application/1701253014609"
# webtalk_add_data -client sdk -key RecordType -value "APPCreation" -context "sdk\\\\application/1701253014609"
# webtalk_add_data -client sdk -key LangUsed -value "C" -context "sdk\\\\application/1701253014609"
# webtalk_add_data -client sdk -key Procused -value "microblaze" -context "sdk\\\\application/1701253014609"
# webtalk_add_data -client sdk -key projSize -value "82.609375" -context "sdk\\\\application/1701253014609"
# webtalk_add_data -client sdk -key uid -value "NA" -context "sdk\\\\bsp/1701254339116"
# webtalk_add_data -client sdk -key RecordType -value "ToolUsage" -context "sdk\\\\bsp/1701254339116"
# webtalk_add_data -client sdk -key BootgenCount -value "0" -context "sdk\\\\bsp/1701254339116"
# webtalk_add_data -client sdk -key DebugCount -value "6" -context "sdk\\\\bsp/1701254339116"
# webtalk_add_data -client sdk -key PerfCount -value "1" -context "sdk\\\\bsp/1701254339116"
# webtalk_add_data -client sdk -key FlashCount -value "0" -context "sdk\\\\bsp/1701254339116"
# webtalk_add_data -client sdk -key CrossTriggCount -value "0" -context "sdk\\\\bsp/1701254339116"
# webtalk_add_data -client sdk -key QemuDebugCount -value "0" -context "sdk\\\\bsp/1701254339116"
# webtalk_transmit -clientid 1012412664 -regid "" -xml C:\\Users\\LIO\\Documents\\UC\\4\\Embebidos\\task_05\\task_05.sdk\\webtalk\\usage_statistics_ext_sdk.xml -html C:\\Users\\LIO\\Documents\\UC\\4\\Embebidos\\task_05\\task_05.sdk\\webtalk\\usage_statistics_ext_sdk.html -wdm C:\\Users\\LIO\\Documents\\UC\\4\\Embebidos\\task_05\\task_05.sdk\\webtalk\\sdk_webtalk.wdm -intro "<H3>SDK Usage Report</H3><BR>"
# webtalk_terminate
INFO: [Common 17-206] Exiting Webtalk at Wed Nov 29 11:39:01 2023...
